Using pre-set license
Built from '2021.3/staging' branch; Version is '2021.3.14f1 (eee1884e7226) revision 15655304'; Using compiler version '192829333'; Build Type 'Release'
OS: 'Windows 10  (10.0.19044) 64bit Professional' Language: 'ru' Physical Memory: 8023 MB
BatchMode: 1, IsHumanControllingUs: 0, StartBugReporterOnCrash: 0, Is64bit: 1, IsPro: 1

COMMAND LINE ARGUMENTS:
C:\Program Files\Unity\Hub\Editor\2021.3.14f1\Editor\Unity.exe
-adb2
-batchMode
-noUpm
-name
AssetImportWorker1
-projectPath
A:/UnityProjects/PurpleGit/PurpleGame/PurpleGameWithoutURP
-logFile
Logs/AssetImportWorker1.log
-srvPort
51049
Successfully changed project path to: A:/UnityProjects/PurpleGit/PurpleGame/PurpleGameWithoutURP
A:/UnityProjects/PurpleGit/PurpleGame/PurpleGameWithoutURP
[UnityMemory] Configuration Parameters - Can be set up in boot.config
    "memorysetup-bucket-allocator-granularity=16"
    "memorysetup-bucket-allocator-bucket-count=8"
    "memorysetup-bucket-allocator-block-size=33554432"
    "memorysetup-bucket-allocator-block-count=8"
    "memorysetup-main-allocator-block-size=16777216"
    "memorysetup-thread-allocator-block-size=16777216"
    "memorysetup-gfx-main-allocator-block-size=16777216"
    "memorysetup-gfx-thread-allocator-block-size=16777216"
    "memorysetup-cache-allocator-block-size=4194304"
    "memorysetup-typetree-allocator-block-size=2097152"
    "memorysetup-profiler-bucket-allocator-granularity=16"
    "memorysetup-profiler-bucket-allocator-bucket-count=8"
    "memorysetup-profiler-bucket-allocator-block-size=33554432"
    "memorysetup-profiler-bucket-allocator-block-count=8"
    "memorysetup-profiler-allocator-block-size=16777216"
    "memorysetup-profiler-editor-allocator-block-size=1048576"
    "memorysetup-temp-allocator-size-main=16777216"
    "memorysetup-job-temp-allocator-block-size=2097152"
    "memorysetup-job-temp-allocator-block-size-background=1048576"
    "memorysetup-job-temp-allocator-reduction-small-platforms=262144"
    "memorysetup-temp-allocator-size-background-worker=32768"
    "memorysetup-temp-allocator-size-job-worker=262144"
    "memorysetup-temp-allocator-size-preload-manager=33554432"
    "memorysetup-temp-allocator-size-nav-mesh-worker=65536"
    "memorysetup-temp-allocator-size-audio-worker=65536"
    "memorysetup-temp-allocator-size-cloud-worker=32768"
    "memorysetup-temp-allocator-size-gi-baking-worker=262144"
    "memorysetup-temp-allocator-size-gfx=262144"
Refreshing native plugins compatible for Editor in 92.02 ms, found 4 plugins.
Preloading 0 native plugins for Editor in 0.00 ms.
Initialize engine version: 2021.3.14f1 (eee1884e7226)
[Subsystems] Discovering subsystems at path C:/Program Files/Unity/Hub/Editor/2021.3.14f1/Editor/Data/Resources/UnitySubsystems
[Subsystems] Discovering subsystems at path A:/UnityProjects/PurpleGit/PurpleGame/PurpleGameWithoutURP/Assets
GfxDevice: creating device client; threaded=0; jobified=0
Direct3D:
    Version:  Direct3D 11.0 [level 11.1]
    Renderer: NVIDIA GeForce RTX 3050 Laptop GPU (ID=0x25a2)
    Vendor:   NVIDIA
    VRAM:     3977 MB
    Driver:   31.0.15.3742
Initialize mono
Mono path[0] = 'C:/Program Files/Unity/Hub/Editor/2021.3.14f1/Editor/Data/Managed'
Mono path[1] = 'C:/Program Files/Unity/Hub/Editor/2021.3.14f1/Editor/Data/MonoBleedingEdge/lib/mono/unityjit-win32'
Mono config path = 'C:/Program Files/Unity/Hub/Editor/2021.3.14f1/Editor/Data/MonoBleedingEdge/etc'
Using monoOptions --debugger-agent=transport=dt_socket,embedding=1,server=y,suspend=n,address=127.0.0.1:56992
Begin MonoManager ReloadAssembly
Registering precompiled unity dll's ...
Register platform support module: C:/Program Files/Unity/Hub/Editor/2021.3.14f1/Editor/Data/PlaybackEngines/AndroidPlayer/UnityEditor.Android.Extensions.dll
Register platform support module: C:/Program Files/Unity/Hub/Editor/2021.3.14f1/Editor/Data/PlaybackEngines/iOSSupport/UnityEditor.iOS.Extensions.dll
Register platform support module: C:/Program Files/Unity/Hub/Editor/2021.3.14f1/Editor/Data/PlaybackEngines/WindowsStandaloneSupport/UnityEditor.WindowsStandalone.Extensions.dll
Registered in 0.007234 seconds.
Native extension for WindowsStandalone target not found
[usbmuxd] Start listen thread
[usbmuxd] Listen thread started
Native extension for iOS target not found
Native extension for Android target not found
Refreshing native plugins compatible for Editor in 97.94 ms, found 4 plugins.
Preloading 0 native plugins for Editor in 0.00 ms.
Mono: successfully reloaded assembly
- Completed reload, in  0.702 seconds
Domain Reload Profiling:
	ReloadAssembly (702ms)
		BeginReloadAssembly (80ms)
			ExecutionOrderSort (0ms)
			DisableScriptedObjects (0ms)
			BackupInstance (0ms)
			ReleaseScriptingObjects (0ms)
			CreateAndSetChildDomain (1ms)
		EndReloadAssembly (511ms)
			LoadAssemblies (78ms)
			RebuildTransferFunctionScriptingTraits (0ms)
			SetupTypeCache (111ms)
			ReleaseScriptCaches (0ms)
			RebuildScriptCaches (36ms)
			SetupLoadedEditorAssemblies (314ms)
				LogAssemblyErrors (0ms)
				InitializePlatformSupportModulesInManaged (78ms)
				SetLoadedEditorAssemblies (0ms)
				RefreshPlugins (98ms)
				BeforeProcessingInitializeOnLoad (1ms)
				ProcessInitializeOnLoadAttributes (92ms)
				ProcessInitializeOnLoadMethodAttributes (45ms)
				AfterProcessingInitializeOnLoad (0ms)
				EditorAssembliesLoaded (0ms)
			ExecutionOrderSort2 (0ms)
			AwakeInstancesAfterBackupRestoration (0ms)
Platform modules already initialized, skipping
Registering precompiled user dll's ...
Registered in 0.004038 seconds.
Begin MonoManager ReloadAssembly
Symbol file LoadedFromMemory doesn't match image A:\UnityProjects\PurpleGit\PurpleGame\PurpleGameWithoutURP\Library\PackageCache\com.unity.visualscripting@1.7.8\Editor\VisualScripting.Core\Dependencies\YamlDotNet\Unity.VisualScripting.YamlDotNet.dll
Symbol file LoadedFromMemory doesn't match image A:\UnityProjects\PurpleGit\PurpleGame\PurpleGameWithoutURP\Library\PackageCache\com.unity.visualscripting@1.7.8\Editor\VisualScripting.Core\Dependencies\DotNetZip\Unity.VisualScripting.IonicZip.dll
Native extension for WindowsStandalone target not found
Native extension for iOS target not found
Native extension for Android target not found
Refreshing native plugins compatible for Editor in 91.84 ms, found 4 plugins.
Preloading 0 native plugins for Editor in 0.00 ms.
Mono: successfully reloaded assembly
- Completed reload, in  1.218 seconds
Domain Reload Profiling:
	ReloadAssembly (1219ms)
		BeginReloadAssembly (209ms)
			ExecutionOrderSort (0ms)
			DisableScriptedObjects (6ms)
			BackupInstance (0ms)
			ReleaseScriptingObjects (0ms)
			CreateAndSetChildDomain (120ms)
		EndReloadAssembly (902ms)
			LoadAssemblies (81ms)
			RebuildTransferFunctionScriptingTraits (0ms)
			SetupTypeCache (245ms)
			ReleaseScriptCaches (1ms)
			RebuildScriptCaches (55ms)
			SetupLoadedEditorAssemblies (478ms)
				LogAssemblyErrors (0ms)
				InitializePlatformSupportModulesInManaged (20ms)
				SetLoadedEditorAssemblies (0ms)
				RefreshPlugins (92ms)
				BeforeProcessingInitializeOnLoad (94ms)
				ProcessInitializeOnLoadAttributes (228ms)
				ProcessInitializeOnLoadMethodAttributes (36ms)
				AfterProcessingInitializeOnLoad (8ms)
				EditorAssembliesLoaded (0ms)
			ExecutionOrderSort2 (0ms)
			AwakeInstancesAfterBackupRestoration (4ms)
Platform modules already initialized, skipping
========================================================================
Worker process is ready to serve import requests
Launched and connected shader compiler UnityShaderCompiler.exe after 0.03 seconds
Refreshing native plugins compatible for Editor in 0.72 ms, found 4 plugins.
Preloading 0 native plugins for Editor in 0.00 ms.
Unloading 4104 Unused Serialized files (Serialized files now loaded: 0)
Unloading 45 unused Assets / (229.1 KB). Loaded Objects now: 4557.
Memory consumption went from 158.2 MB to 158.0 MB.
Total: 3.677300 ms (FindLiveObjects: 0.397700 ms CreateObjectMapping: 0.246100 ms MarkObjects: 2.753100 ms  DeleteObjects: 0.279300 ms)

AssetImportParameters requested are different than current active one (requested -> active):
  custom:video-decoder-ogg-theora: a1e56fd34408186e4bbccfd4996cb3dc -> 
  custom:container-muxer-webm: aa71ff27fc2769a1b78a27578f13a17b -> 
  custom:container-demuxer-webm: 4f35f7cbe854078d1ac9338744f61a02 -> 
  custom:video-encoder-webm-vp8: eb34c28f22e8b96e1ab97ce403110664 -> 
  custom:audio-encoder-webm-vorbis: bf7c407c2cedff20999df2af8eb42d56 -> 
  custom:framework-win-MediaFoundation: 216162199b28c13a410421893ffa2e32 -> 
  custom:container-demuxer-ogg: 62fdf1f143b41e24485cea50d1cbac27 -> 
  custom:video-decoder-webm-vp8: 9c59270c3fd7afecdb556c50c9e8de78 -> 
  custom:audio-decoder-ogg-vorbis: bf7c407c2cedff20999df2af8eb42d56 -> 
========================================================================
Received Import Request.
  Time since last request: 16710.984508 seconds.
  path: Assets/Assets/!_App - WA-iOS-5.3.1/Assets/!_App - WA-iOS-5.3.1/Graphics/Screens/Shop view/bg 1 icon.png
  artifactKey: Guid(93985fb0acb58c44784ab636f839059b) Importer(815301076,1909f56bfc062723c751e8b465ee728b)
Start importing Assets/Assets/!_App - WA-iOS-5.3.1/Assets/!_App - WA-iOS-5.3.1/Graphics/Screens/Shop view/bg 1 icon.png using Guid(93985fb0acb58c44784ab636f839059b) Importer(815301076,1909f56bfc062723c751e8b465ee728b)  -> (artifact id: 'cce5ae5a48379ca583b669a4cddb0e09') in 0.058287 seconds 
========================================================================
Received Import Request.
  Time since last request: 0.000014 seconds.
  path: Assets/Assets/!_App - WA-iOS-5.3.1/Assets/!_App - WA-iOS-5.3.1/Graphics/Screens/Shop view/Coins pack.png
  artifactKey: Guid(e2b8fe6d116a3954c95c514659374f8c) Importer(815301076,1909f56bfc062723c751e8b465ee728b)
Start importing Assets/Assets/!_App - WA-iOS-5.3.1/Assets/!_App - WA-iOS-5.3.1/Graphics/Screens/Shop view/Coins pack.png using Guid(e2b8fe6d116a3954c95c514659374f8c) Importer(815301076,1909f56bfc062723c751e8b465ee728b)  -> (artifact id: '06de8498f7d473b93663559087844f3e') in 0.008467 seconds 
========================================================================
Received Import Request.
  Time since last request: 0.000016 seconds.
  path: Assets/Assets/!_App - WA-iOS-5.3.1/Assets/!_App - WA-iOS-5.3.1/Graphics/Screens/Shop view/bg 2 icon.png
  artifactKey: Guid(e3750da9d6e646e4886c862832a3d0f0) Importer(815301076,1909f56bfc062723c751e8b465ee728b)
Start importing Assets/Assets/!_App - WA-iOS-5.3.1/Assets/!_App - WA-iOS-5.3.1/Graphics/Screens/Shop view/bg 2 icon.png using Guid(e3750da9d6e646e4886c862832a3d0f0) Importer(815301076,1909f56bfc062723c751e8b465ee728b)  -> (artifact id: 'efe6e08f91b8415e4293ccc7ad68bd3c') in 0.005565 seconds 
========================================================================
Received Import Request.
  Time since last request: 0.000014 seconds.
  path: Assets/Assets/!_App - WA-iOS-5.3.1/Assets/!_App - WA-iOS-5.3.1/Graphics/Screens/Shop view/Checked icon.png
  artifactKey: Guid(d14e9d99af121cd4c83b6ed0eec76f44) Importer(815301076,1909f56bfc062723c751e8b465ee728b)
Start importing Assets/Assets/!_App - WA-iOS-5.3.1/Assets/!_App - WA-iOS-5.3.1/Graphics/Screens/Shop view/Checked icon.png using Guid(d14e9d99af121cd4c83b6ed0eec76f44) Importer(815301076,1909f56bfc062723c751e8b465ee728b)  -> (artifact id: '5a35f5e81e725ae50a0c157a5c2c6bad') in 0.006724 seconds 
========================================================================
Received Import Request.
  Time since last request: 0.000021 seconds.
  path: Assets/Assets/!_App - WA-iOS-5.3.1/Assets/!_App - WA-iOS-5.3.1/Graphics/Screens/Shop view/bg 3 icon.png
  artifactKey: Guid(720a3bd4cdef1c94aa15cb2f7e43016f) Importer(815301076,1909f56bfc062723c751e8b465ee728b)
Start importing Assets/Assets/!_App - WA-iOS-5.3.1/Assets/!_App - WA-iOS-5.3.1/Graphics/Screens/Shop view/bg 3 icon.png using Guid(720a3bd4cdef1c94aa15cb2f7e43016f) Importer(815301076,1909f56bfc062723c751e8b465ee728b)  -> (artifact id: '3bca73dec57731e737a48ac19942989c') in 0.012914 seconds 
========================================================================
Received Import Request.
  Time since last request: 16.716303 seconds.
  path: Assets/Assets/!_App - WA-iOS-5.3.1/Assets/!_App - WA-iOS-5.3.1/Graphics/Screens/Shop view/Home Button.png
  artifactKey: Guid(a82c53d2558c4ff40bd14c919f3dcbd4) Importer(815301076,1909f56bfc062723c751e8b465ee728b)
Start importing Assets/Assets/!_App - WA-iOS-5.3.1/Assets/!_App - WA-iOS-5.3.1/Graphics/Screens/Shop view/Home Button.png using Guid(a82c53d2558c4ff40bd14c919f3dcbd4) Importer(815301076,1909f56bfc062723c751e8b465ee728b)  -> (artifact id: 'e843fdd8edcdeb9f5e08ff7186cc415a') in 0.007009 seconds 
========================================================================
Received Import Request.
  Time since last request: 31.975887 seconds.
  path: Packages/com.unity.2d.animation/Editor/Assets/SkinningModule/Icons/Light/Bone@2x.png
  artifactKey: Guid(d6a44ab95b0def041a7929981a2c23a1) Importer(815301076,1909f56bfc062723c751e8b465ee728b)
Start importing Packages/com.unity.2d.animation/Editor/Assets/SkinningModule/Icons/Light/Bone@2x.png using Guid(d6a44ab95b0def041a7929981a2c23a1) Importer(815301076,1909f56bfc062723c751e8b465ee728b)  -> (artifact id: 'b37e0cf1861761e0c8bade077b1900f1') in 0.056465 seconds 
========================================================================
Received Import Request.
  Time since last request: 0.000028 seconds.
  path: Packages/com.unity.2d.animation/Editor/Assets/SkinningModule/Icons/Light/Copy.png
  artifactKey: Guid(42f4b048501996743958df91513f824a) Importer(815301076,1909f56bfc062723c751e8b465ee728b)
Start importing Packages/com.unity.2d.animation/Editor/Assets/SkinningModule/Icons/Light/Copy.png using Guid(42f4b048501996743958df91513f824a) Importer(815301076,1909f56bfc062723c751e8b465ee728b)  -> (artifact id: '497e21f2cc1a06e33d426338b25ebd76') in 0.014453 seconds 
========================================================================
Received Import Request.
  Time since last request: 0.000047 seconds.
  path: Packages/com.unity.2d.animation/Editor/Assets/SkinningModule/Icons/Light/Bone@3x.png
  artifactKey: Guid(76beef9fdae7b48468ddf07d0400a374) Importer(815301076,1909f56bfc062723c751e8b465ee728b)
Start importing Packages/com.unity.2d.animation/Editor/Assets/SkinningModule/Icons/Light/Bone@3x.png using Guid(76beef9fdae7b48468ddf07d0400a374) Importer(815301076,1909f56bfc062723c751e8b465ee728b)  -> (artifact id: '6411d0a98327be1b9f1c0e417d5fdc69') in 0.015195 seconds 
========================================================================
Received Import Request.
  Time since last request: 0.000033 seconds.
  path: Packages/com.unity.2d.animation/Editor/Assets/SkinningModule/Icons/Selected/Bone_Influence@2x.png
  artifactKey: Guid(0779ad3feec52124e97114bcbb12ef13) Importer(815301076,1909f56bfc062723c751e8b465ee728b)
Start importing Packages/com.unity.2d.animation/Editor/Assets/SkinningModule/Icons/Selected/Bone_Influence@2x.png using Guid(0779ad3feec52124e97114bcbb12ef13) Importer(815301076,1909f56bfc062723c751e8b465ee728b)  -> (artifact id: 'f188230757d7ea74a7d7660137336cce') in 0.027482 seconds 
========================================================================
Received Import Request.
  Time since last request: 0.000020 seconds.
  path: Packages/com.unity.2d.animation/Editor/Assets/SkinningModule/Icons/Selected/character_Mode@2x.png
  artifactKey: Guid(5d52b20f865aff242bfcb08c3b6f61a5) Importer(815301076,1909f56bfc062723c751e8b465ee728b)
Start importing Packages/com.unity.2d.animation/Editor/Assets/SkinningModule/Icons/Selected/character_Mode@2x.png using Guid(5d52b20f865aff242bfcb08c3b6f61a5) Importer(815301076,1909f56bfc062723c751e8b465ee728b)  -> (artifact id: '6902cb3909181503ed12ba863b4073a9') in 0.018133 seconds 
========================================================================
Received Import Request.
  Time since last request: 0.000049 seconds.
  path: Packages/com.unity.2d.animation/Editor/Assets/SkinningModule/Icons/Selected/Bone_Influence.png
  artifactKey: Guid(ff00345da0563d641903c5bd5bb748a4) Importer(815301076,1909f56bfc062723c751e8b465ee728b)
Start importing Packages/com.unity.2d.animation/Editor/Assets/SkinningModule/Icons/Selected/Bone_Influence.png using Guid(ff00345da0563d641903c5bd5bb748a4) Importer(815301076,1909f56bfc062723c751e8b465ee728b)  -> (artifact id: '9d45dc9b11e4f2afa840ea54541203b1') in 0.015859 seconds 
========================================================================
Received Import Request.
  Time since last request: 0.000025 seconds.
  path: Packages/com.unity.2d.animation/Editor/Assets/SkinningModule/Icons/Light/Create Bones@4x.png
  artifactKey: Guid(f618c5fe13b18994aa5aee8b97d8dca1) Importer(815301076,1909f56bfc062723c751e8b465ee728b)
Start importing Packages/com.unity.2d.animation/Editor/Assets/SkinningModule/Icons/Light/Create Bones@4x.png using Guid(f618c5fe13b18994aa5aee8b97d8dca1) Importer(815301076,1909f56bfc062723c751e8b465ee728b)  -> (artifact id: '4013dce420437c87064debde38a68ab1') in 0.012292 seconds 
========================================================================
Received Import Request.
  Time since last request: 0.000025 seconds.
  path: Packages/com.unity.2d.animation/Editor/Assets/SkinningModule/Icons/Light/character_Mode@3x.png
  artifactKey: Guid(17fa84703485d314b8d6b5216987d4b1) Importer(815301076,1909f56bfc062723c751e8b465ee728b)
Start importing Packages/com.unity.2d.animation/Editor/Assets/SkinningModule/Icons/Light/character_Mode@3x.png using Guid(17fa84703485d314b8d6b5216987d4b1) Importer(815301076,1909f56bfc062723c751e8b465ee728b)  -> (artifact id: '2668f85c4a711926844ad04257424b75') in 0.012738 seconds 
========================================================================
Received Import Request.
  Time since last request: 0.000104 seconds.
  path: Packages/com.unity.2d.animation/Editor/Assets/SkinningModule/Icons/Light/Create Bones@3x.png
  artifactKey: Guid(803b0b9bfc1fd824aae8423bfbab83b4) Importer(815301076,1909f56bfc062723c751e8b465ee728b)
Start importing Packages/com.unity.2d.animation/Editor/Assets/SkinningModule/Icons/Light/Create Bones@3x.png using Guid(803b0b9bfc1fd824aae8423bfbab83b4) Importer(815301076,1909f56bfc062723c751e8b465ee728b)  -> (artifact id: '5d133b052785fb06b3737044fd535dc0') in 0.015417 seconds 
========================================================================
Received Import Request.
  Time since last request: 0.000052 seconds.
  path: Packages/com.unity.2d.animation/Editor/Assets/SkinningModule/Icons/Selected/character_Mode@3x.png
  artifactKey: Guid(dcea51d6065d64246aeec467afeff684) Importer(815301076,1909f56bfc062723c751e8b465ee728b)
Start importing Packages/com.unity.2d.animation/Editor/Assets/SkinningModule/Icons/Selected/character_Mode@3x.png using Guid(dcea51d6065d64246aeec467afeff684) Importer(815301076,1909f56bfc062723c751e8b465ee728b)  -> (artifact id: 'd73ef2f7ea59ce8f42d9b5d679dc6129') in 0.014605 seconds 
========================================================================
Received Import Request.
  Time since last request: 0.000029 seconds.
  path: Packages/com.unity.2d.animation/Editor/Assets/SkinningModule/Icons/Selected/Bone_Influence@3x.png
  artifactKey: Guid(68e5a78013e33f247822a837e55b0ab4) Importer(815301076,1909f56bfc062723c751e8b465ee728b)
Start importing Packages/com.unity.2d.animation/Editor/Assets/SkinningModule/Icons/Selected/Bone_Influence@3x.png using Guid(68e5a78013e33f247822a837e55b0ab4) Importer(815301076,1909f56bfc062723c751e8b465ee728b)  -> (artifact id: '42b07f0988067fa928b6aa18ec5d08b8') in 0.035245 seconds 
========================================================================
Received Import Request.
  Time since last request: 0.000034 seconds.
  path: Packages/com.unity.2d.animation/Editor/Assets/SkinningModule/Icons/Selected/character_Mode.png
  artifactKey: Guid(e60718119cec31e4190849292fcde068) Importer(815301076,1909f56bfc062723c751e8b465ee728b)
Start importing Packages/com.unity.2d.animation/Editor/Assets/SkinningModule/Icons/Selected/character_Mode.png using Guid(e60718119cec31e4190849292fcde068) Importer(815301076,1909f56bfc062723c751e8b465ee728b)  -> (artifact id: 'abc8842b89d91ac5e81fd5f754a2a870') in 0.022875 seconds 
========================================================================
Received Import Request.
  Time since last request: 0.000032 seconds.
  path: Packages/com.unity.2d.animation/Editor/Assets/SkinningModule/Icons/Selected/Copy@4x.png
  artifactKey: Guid(b6a96c7c65795c94abf54a62adbf5c38) Importer(815301076,1909f56bfc062723c751e8b465ee728b)
Start importing Packages/com.unity.2d.animation/Editor/Assets/SkinningModule/Icons/Selected/Copy@4x.png using Guid(b6a96c7c65795c94abf54a62adbf5c38) Importer(815301076,1909f56bfc062723c751e8b465ee728b)  -> (artifact id: 'e55c4ae3649fd8f7f419b3e9741b6436') in 0.009738 seconds 
========================================================================
Received Import Request.
  Time since last request: 0.000060 seconds.
  path: Packages/com.unity.2d.animation/Editor/Assets/SkinningModule/Icons/Light/Bone_Influence@4x.png
  artifactKey: Guid(c7aa62ae78ffca0498c89e5f45f94c0e) Importer(815301076,1909f56bfc062723c751e8b465ee728b)
Start importing Packages/com.unity.2d.animation/Editor/Assets/SkinningModule/Icons/Light/Bone_Influence@4x.png using Guid(c7aa62ae78ffca0498c89e5f45f94c0e) Importer(815301076,1909f56bfc062723c751e8b465ee728b)  -> (artifact id: '93d5b67f0f134cd3fd0997f1abd40e35') in 0.014634 seconds 
========================================================================
Received Import Request.
  Time since last request: 0.000039 seconds.
  path: Packages/com.unity.collab-proxy/Editor/PlasticSCM/Assets/Images/buttonssosigninemail@2x.png
  artifactKey: Guid(ddf2e76e8a1f88f46ae1e42277850b48) Importer(815301076,1909f56bfc062723c751e8b465ee728b)
Start importing Packages/com.unity.collab-proxy/Editor/PlasticSCM/Assets/Images/buttonssosigninemail@2x.png using Guid(ddf2e76e8a1f88f46ae1e42277850b48) Importer(815301076,1909f56bfc062723c751e8b465ee728b)  -> (artifact id: '4e4b9c9e3f2a16254b822fe52079357a') in 0.009539 seconds 
========================================================================
Received Import Request.
  Time since last request: 0.000036 seconds.
  path: Packages/com.unity.2d.animation/Editor/Assets/SkinningModule/Icons/Light/Create Bones.png
  artifactKey: Guid(0e5ae7fe3a07e88429a3e90897c6ab82) Importer(815301076,1909f56bfc062723c751e8b465ee728b)
Start importing Packages/com.unity.2d.animation/Editor/Assets/SkinningModule/Icons/Light/Create Bones.png using Guid(0e5ae7fe3a07e88429a3e90897c6ab82) Importer(815301076,1909f56bfc062723c751e8b465ee728b)  -> (artifact id: 'af742f4f336a59ade65265d3b40eb301') in 0.014946 seconds 
========================================================================
Received Import Request.
  Time since last request: 0.000031 seconds.
  path: Packages/com.unity.2d.animation/Editor/Assets/SkinningModule/Icons/Light/character_Mode.png
  artifactKey: Guid(d4d64a6cd9624c34a815dd79fb2a20a4) Importer(815301076,1909f56bfc062723c751e8b465ee728b)
Start importing Packages/com.unity.2d.animation/Editor/Assets/SkinningModule/Icons/Light/character_Mode.png using Guid(d4d64a6cd9624c34a815dd79fb2a20a4) Importer(815301076,1909f56bfc062723c751e8b465ee728b)  -> (artifact id: 'c29cad9aa75071defb37abe9d9d42915') in 0.010235 seconds 
========================================================================
Received Import Request.
  Time since last request: 0.000034 seconds.
  path: Packages/com.unity.2d.animation/Editor/Assets/SkinningModule/Icons/Light/Copy@2x.png
  artifactKey: Guid(2e0cf451cb3d56742aad87ea75993209) Importer(815301076,1909f56bfc062723c751e8b465ee728b)
Start importing Packages/com.unity.2d.animation/Editor/Assets/SkinningModule/Icons/Light/Copy@2x.png using Guid(2e0cf451cb3d56742aad87ea75993209) Importer(815301076,1909f56bfc062723c751e8b465ee728b)  -> (artifact id: 'afda96faed96b4d954661e499f484e27') in 0.010083 seconds 
========================================================================
Received Import Request.
  Time since last request: 0.000024 seconds.
  path: Packages/com.unity.2d.animation/Editor/Assets/SkinningModule/Icons/Selected/Create Bones@2x.png
  artifactKey: Guid(5b7f664b515582d458717c354f6be292) Importer(815301076,1909f56bfc062723c751e8b465ee728b)
Start importing Packages/com.unity.2d.animation/Editor/Assets/SkinningModule/Icons/Selected/Create Bones@2x.png using Guid(5b7f664b515582d458717c354f6be292) Importer(815301076,1909f56bfc062723c751e8b465ee728b)  -> (artifact id: '1648c890265f151fba14e7be1403668e') in 0.013215 seconds 
========================================================================
Received Prepare
Registering precompiled user dll's ...
Registered in 0.004612 seconds.
Begin MonoManager ReloadAssembly
Symbol file LoadedFromMemory doesn't match image A:\UnityProjects\PurpleGit\PurpleGame\PurpleGameWithoutURP\Library\PackageCache\com.unity.visualscripting@1.7.8\Editor\VisualScripting.Core\Dependencies\YamlDotNet\Unity.VisualScripting.YamlDotNet.dll
Symbol file LoadedFromMemory doesn't match image A:\UnityProjects\PurpleGit\PurpleGame\PurpleGameWithoutURP\Library\PackageCache\com.unity.visualscripting@1.7.8\Editor\VisualScripting.Core\Dependencies\DotNetZip\Unity.VisualScripting.IonicZip.dll
Native extension for WindowsStandalone target not found
Native extension for iOS target not found
Native extension for Android target not found
Refreshing native plugins compatible for Editor in 1.03 ms, found 4 plugins.
Preloading 0 native plugins for Editor in 0.00 ms.
Mono: successfully reloaded assembly
- Completed reload, in  1.224 seconds
Domain Reload Profiling:
	ReloadAssembly (1225ms)
		BeginReloadAssembly (127ms)
			ExecutionOrderSort (0ms)
			DisableScriptedObjects (7ms)
			BackupInstance (0ms)
			ReleaseScriptingObjects (0ms)
			CreateAndSetChildDomain (38ms)
		EndReloadAssembly (1003ms)
			LoadAssemblies (89ms)
			RebuildTransferFunctionScriptingTraits (0ms)
			SetupTypeCache (289ms)
			ReleaseScriptCaches (2ms)
			RebuildScriptCaches (69ms)
			SetupLoadedEditorAssemblies (472ms)
				LogAssemblyErrors (0ms)
				InitializePlatformSupportModulesInManaged (39ms)
				SetLoadedEditorAssemblies (1ms)
				RefreshPlugins (1ms)
				BeforeProcessingInitializeOnLoad (97ms)
				ProcessInitializeOnLoadAttributes (275ms)
				ProcessInitializeOnLoadMethodAttributes (49ms)
				AfterProcessingInitializeOnLoad (10ms)
				EditorAssembliesLoaded (0ms)
			ExecutionOrderSort2 (0ms)
			AwakeInstancesAfterBackupRestoration (9ms)
Platform modules already initialized, skipping
Refreshing native plugins compatible for Editor in 2.09 ms, found 4 plugins.
Preloading 0 native plugins for Editor in 0.00 ms.
Unloading 4060 Unused Serialized files (Serialized files now loaded: 0)
Unloading 32 unused Assets / (195.9 KB). Loaded Objects now: 4573.
Memory consumption went from 158.5 MB to 158.3 MB.
Total: 5.190700 ms (FindLiveObjects: 0.662500 ms CreateObjectMapping: 0.744700 ms MarkObjects: 3.598200 ms  DeleteObjects: 0.183900 ms)

AssetImportParameters requested are different than current active one (requested -> active):
  custom:video-decoder-ogg-theora: a1e56fd34408186e4bbccfd4996cb3dc -> 
  custom:container-muxer-webm: aa71ff27fc2769a1b78a27578f13a17b -> 
  custom:container-demuxer-webm: 4f35f7cbe854078d1ac9338744f61a02 -> 
  custom:video-encoder-webm-vp8: eb34c28f22e8b96e1ab97ce403110664 -> 
  custom:audio-encoder-webm-vorbis: bf7c407c2cedff20999df2af8eb42d56 -> 
  custom:framework-win-MediaFoundation: 216162199b28c13a410421893ffa2e32 -> 
  custom:container-demuxer-ogg: 62fdf1f143b41e24485cea50d1cbac27 -> 
  custom:video-decoder-webm-vp8: 9c59270c3fd7afecdb556c50c9e8de78 -> 
  custom:audio-decoder-ogg-vorbis: bf7c407c2cedff20999df2af8eb42d56 -> 
========================================================================
Received Prepare
Registering precompiled user dll's ...
Registered in 0.005226 seconds.
Begin MonoManager ReloadAssembly
Symbol file LoadedFromMemory doesn't match image A:\UnityProjects\PurpleGit\PurpleGame\PurpleGameWithoutURP\Library\PackageCache\com.unity.visualscripting@1.7.8\Editor\VisualScripting.Core\Dependencies\YamlDotNet\Unity.VisualScripting.YamlDotNet.dll
Symbol file LoadedFromMemory doesn't match image A:\UnityProjects\PurpleGit\PurpleGame\PurpleGameWithoutURP\Library\PackageCache\com.unity.visualscripting@1.7.8\Editor\VisualScripting.Core\Dependencies\DotNetZip\Unity.VisualScripting.IonicZip.dll
Native extension for WindowsStandalone target not found
Native extension for iOS target not found
Native extension for Android target not found
Refreshing native plugins compatible for Editor in 2.69 ms, found 4 plugins.
Preloading 0 native plugins for Editor in 0.00 ms.
Mono: successfully reloaded assembly
- Completed reload, in  1.405 seconds
Domain Reload Profiling:
	ReloadAssembly (1406ms)
		BeginReloadAssembly (148ms)
			ExecutionOrderSort (0ms)
			DisableScriptedObjects (7ms)
			BackupInstance (0ms)
			ReleaseScriptingObjects (0ms)
			CreateAndSetChildDomain (40ms)
		EndReloadAssembly (1129ms)
			LoadAssemblies (118ms)
			RebuildTransferFunctionScriptingTraits (0ms)
			SetupTypeCache (375ms)
			ReleaseScriptCaches (3ms)
			RebuildScriptCaches (71ms)
			SetupLoadedEditorAssemblies (481ms)
				LogAssemblyErrors (0ms)
				InitializePlatformSupportModulesInManaged (43ms)
				SetLoadedEditorAssemblies (1ms)
				RefreshPlugins (3ms)
				BeforeProcessingInitializeOnLoad (100ms)
				ProcessInitializeOnLoadAttributes (270ms)
				ProcessInitializeOnLoadMethodAttributes (53ms)
				AfterProcessingInitializeOnLoad (11ms)
				EditorAssembliesLoaded (0ms)
			ExecutionOrderSort2 (0ms)
			AwakeInstancesAfterBackupRestoration (11ms)
Platform modules already initialized, skipping
Refreshing native plugins compatible for Editor in 3.02 ms, found 4 plugins.
Preloading 0 native plugins for Editor in 0.00 ms.
Unloading 4060 Unused Serialized files (Serialized files now loaded: 0)
Unloading 32 unused Assets / (195.8 KB). Loaded Objects now: 4576.
Memory consumption went from 158.5 MB to 158.3 MB.
Total: 6.369400 ms (FindLiveObjects: 0.546700 ms CreateObjectMapping: 0.407700 ms MarkObjects: 5.163300 ms  DeleteObjects: 0.249800 ms)

AssetImportParameters requested are different than current active one (requested -> active):
  custom:video-decoder-ogg-theora: a1e56fd34408186e4bbccfd4996cb3dc -> 
  custom:container-muxer-webm: aa71ff27fc2769a1b78a27578f13a17b -> 
  custom:container-demuxer-webm: 4f35f7cbe854078d1ac9338744f61a02 -> 
  custom:video-encoder-webm-vp8: eb34c28f22e8b96e1ab97ce403110664 -> 
  custom:audio-encoder-webm-vorbis: bf7c407c2cedff20999df2af8eb42d56 -> 
  custom:framework-win-MediaFoundation: 216162199b28c13a410421893ffa2e32 -> 
  custom:container-demuxer-ogg: 62fdf1f143b41e24485cea50d1cbac27 -> 
  custom:video-decoder-webm-vp8: 9c59270c3fd7afecdb556c50c9e8de78 -> 
  custom:audio-decoder-ogg-vorbis: bf7c407c2cedff20999df2af8eb42d56 -> 
========================================================================
Received Prepare
Registering precompiled user dll's ...
Registered in 0.004175 seconds.
Begin MonoManager ReloadAssembly
Symbol file LoadedFromMemory doesn't match image A:\UnityProjects\PurpleGit\PurpleGame\PurpleGameWithoutURP\Library\PackageCache\com.unity.visualscripting@1.7.8\Editor\VisualScripting.Core\Dependencies\YamlDotNet\Unity.VisualScripting.YamlDotNet.dll
Symbol file LoadedFromMemory doesn't match image A:\UnityProjects\PurpleGit\PurpleGame\PurpleGameWithoutURP\Library\PackageCache\com.unity.visualscripting@1.7.8\Editor\VisualScripting.Core\Dependencies\DotNetZip\Unity.VisualScripting.IonicZip.dll
Native extension for WindowsStandalone target not found
Native extension for iOS target not found
Native extension for Android target not found
Refreshing native plugins compatible for Editor in 2.94 ms, found 4 plugins.
Preloading 0 native plugins for Editor in 0.00 ms.
Mono: successfully reloaded assembly
- Completed reload, in  1.399 seconds
Domain Reload Profiling:
	ReloadAssembly (1400ms)
		BeginReloadAssembly (134ms)
			ExecutionOrderSort (0ms)
			DisableScriptedObjects (6ms)
			BackupInstance (0ms)
			ReleaseScriptingObjects (0ms)
			CreateAndSetChildDomain (36ms)
		EndReloadAssembly (1164ms)
			LoadAssemblies (108ms)
			RebuildTransferFunctionScriptingTraits (0ms)
			SetupTypeCache (367ms)
			ReleaseScriptCaches (3ms)
			RebuildScriptCaches (83ms)
			SetupLoadedEditorAssemblies (514ms)
				LogAssemblyErrors (0ms)
				InitializePlatformSupportModulesInManaged (43ms)
				SetLoadedEditorAssemblies (1ms)
				RefreshPlugins (3ms)
				BeforeProcessingInitializeOnLoad (111ms)
				ProcessInitializeOnLoadAttributes (290ms)
				ProcessInitializeOnLoadMethodAttributes (55ms)
				AfterProcessingInitializeOnLoad (10ms)
				EditorAssembliesLoaded (0ms)
			ExecutionOrderSort2 (0ms)
			AwakeInstancesAfterBackupRestoration (11ms)
Platform modules already initialized, skipping
Refreshing native plugins compatible for Editor in 5.24 ms, found 4 plugins.
Preloading 0 native plugins for Editor in 0.00 ms.
Unloading 4060 Unused Serialized files (Serialized files now loaded: 0)
Unloading 32 unused Assets / (196.0 KB). Loaded Objects now: 4579.
Memory consumption went from 158.5 MB to 158.3 MB.
Total: 5.840800 ms (FindLiveObjects: 0.550500 ms CreateObjectMapping: 0.542100 ms MarkObjects: 4.346100 ms  DeleteObjects: 0.398700 ms)

AssetImportParameters requested are different than current active one (requested -> active):
  custom:video-decoder-ogg-theora: a1e56fd34408186e4bbccfd4996cb3dc -> 
  custom:container-muxer-webm: aa71ff27fc2769a1b78a27578f13a17b -> 
  custom:container-demuxer-webm: 4f35f7cbe854078d1ac9338744f61a02 -> 
  custom:video-encoder-webm-vp8: eb34c28f22e8b96e1ab97ce403110664 -> 
  custom:audio-encoder-webm-vorbis: bf7c407c2cedff20999df2af8eb42d56 -> 
  custom:framework-win-MediaFoundation: 216162199b28c13a410421893ffa2e32 -> 
  custom:container-demuxer-ogg: 62fdf1f143b41e24485cea50d1cbac27 -> 
  custom:video-decoder-webm-vp8: 9c59270c3fd7afecdb556c50c9e8de78 -> 
  custom:audio-decoder-ogg-vorbis: bf7c407c2cedff20999df2af8eb42d56 -> 
========================================================================
Received Prepare
Registering precompiled user dll's ...
Registered in 0.004510 seconds.
Begin MonoManager ReloadAssembly
Symbol file LoadedFromMemory doesn't match image A:\UnityProjects\PurpleGit\PurpleGame\PurpleGameWithoutURP\Library\PackageCache\com.unity.visualscripting@1.7.8\Editor\VisualScripting.Core\Dependencies\YamlDotNet\Unity.VisualScripting.YamlDotNet.dll
Symbol file LoadedFromMemory doesn't match image A:\UnityProjects\PurpleGit\PurpleGame\PurpleGameWithoutURP\Library\PackageCache\com.unity.visualscripting@1.7.8\Editor\VisualScripting.Core\Dependencies\DotNetZip\Unity.VisualScripting.IonicZip.dll
Native extension for WindowsStandalone target not found
Native extension for iOS target not found
Native extension for Android target not found
Refreshing native plugins compatible for Editor in 1.83 ms, found 4 plugins.
Preloading 0 native plugins for Editor in 0.00 ms.
Mono: successfully reloaded assembly
- Completed reload, in  1.539 seconds
Domain Reload Profiling:
	ReloadAssembly (1540ms)
		BeginReloadAssembly (208ms)
			ExecutionOrderSort (0ms)
			DisableScriptedObjects (10ms)
			BackupInstance (0ms)
			ReleaseScriptingObjects (0ms)
			CreateAndSetChildDomain (66ms)
		EndReloadAssembly (1187ms)
			LoadAssemblies (157ms)
			RebuildTransferFunctionScriptingTraits (0ms)
			SetupTypeCache (374ms)
			ReleaseScriptCaches (3ms)
			RebuildScriptCaches (81ms)
			SetupLoadedEditorAssemblies (508ms)
				LogAssemblyErrors (0ms)
				InitializePlatformSupportModulesInManaged (45ms)
				SetLoadedEditorAssemblies (1ms)
				RefreshPlugins (2ms)
				BeforeProcessingInitializeOnLoad (102ms)
				ProcessInitializeOnLoadAttributes (295ms)
				ProcessInitializeOnLoadMethodAttributes (54ms)
				AfterProcessingInitializeOnLoad (9ms)
				EditorAssembliesLoaded (0ms)
			ExecutionOrderSort2 (0ms)
			AwakeInstancesAfterBackupRestoration (13ms)
Platform modules already initialized, skipping
Refreshing native plugins compatible for Editor in 3.27 ms, found 4 plugins.
Preloading 0 native plugins for Editor in 0.00 ms.
Unloading 4060 Unused Serialized files (Serialized files now loaded: 0)
Unloading 32 unused Assets / (196.0 KB). Loaded Objects now: 4582.
Memory consumption went from 158.5 MB to 158.3 MB.
Total: 7.817300 ms (FindLiveObjects: 0.694800 ms CreateObjectMapping: 0.677100 ms MarkObjects: 6.203000 ms  DeleteObjects: 0.240400 ms)

AssetImportParameters requested are different than current active one (requested -> active):
  custom:video-decoder-ogg-theora: a1e56fd34408186e4bbccfd4996cb3dc -> 
  custom:container-muxer-webm: aa71ff27fc2769a1b78a27578f13a17b -> 
  custom:container-demuxer-webm: 4f35f7cbe854078d1ac9338744f61a02 -> 
  custom:video-encoder-webm-vp8: eb34c28f22e8b96e1ab97ce403110664 -> 
  custom:audio-encoder-webm-vorbis: bf7c407c2cedff20999df2af8eb42d56 -> 
  custom:framework-win-MediaFoundation: 216162199b28c13a410421893ffa2e32 -> 
  custom:container-demuxer-ogg: 62fdf1f143b41e24485cea50d1cbac27 -> 
  custom:video-decoder-webm-vp8: 9c59270c3fd7afecdb556c50c9e8de78 -> 
  custom:audio-decoder-ogg-vorbis: bf7c407c2cedff20999df2af8eb42d56 -> 
========================================================================
Received Import Request.
  Time since last request: 1455.618381 seconds.
  path: Assets/Assets/!_App - WA-iOS-5.3.1/Assets/!_App - WA-iOS-5.3.1/Graphics/Screens/Bonus/Artifact icon 2.png
  artifactKey: Guid(88a3e104054fa9c4696c9dc3608c65e5) Importer(815301076,1909f56bfc062723c751e8b465ee728b)
Start importing Assets/Assets/!_App - WA-iOS-5.3.1/Assets/!_App - WA-iOS-5.3.1/Graphics/Screens/Bonus/Artifact icon 2.png using Guid(88a3e104054fa9c4696c9dc3608c65e5) Importer(815301076,1909f56bfc062723c751e8b465ee728b)  -> (artifact id: 'd1cdb9e7b4c0d375830169e81354bc92') in 0.160717 seconds 
========================================================================
Received Import Request.
  Time since last request: 1.962600 seconds.
  path: Assets/Assets/!_App - WA-iOS-5.3.1/Assets/!_App - WA-iOS-5.3.1/Graphics/Screens/Bonus/Card icon.png
  artifactKey: Guid(67c7a9cc53aee97489a6c590b5b7ccbd) Importer(815301076,1909f56bfc062723c751e8b465ee728b)
Start importing Assets/Assets/!_App - WA-iOS-5.3.1/Assets/!_App - WA-iOS-5.3.1/Graphics/Screens/Bonus/Card icon.png using Guid(67c7a9cc53aee97489a6c590b5b7ccbd) Importer(815301076,1909f56bfc062723c751e8b465ee728b)  -> (artifact id: '87aaae06a782267e6287c5d63286038c') in 0.016440 seconds 
========================================================================
Received Import Request.
  Time since last request: 3374.983708 seconds.
  path: Assets/Assets/!_App - WA-iOS-5.3.1/Assets/!_App - WA-iOS-5.3.1/Graphics/Screens/Unlocked artifact view/Artifact image 3.png
  artifactKey: Guid(116a59b90f76ec2498e536aefb16e551) Importer(815301076,1909f56bfc062723c751e8b465ee728b)
Start importing Assets/Assets/!_App - WA-iOS-5.3.1/Assets/!_App - WA-iOS-5.3.1/Graphics/Screens/Unlocked artifact view/Artifact image 3.png using Guid(116a59b90f76ec2498e536aefb16e551) Importer(815301076,1909f56bfc062723c751e8b465ee728b)  -> (artifact id: '9badf793107ef532a5e812fc085236b1') in 0.014973 seconds 
========================================================================
Received Import Request.
  Time since last request: 0.000054 seconds.
  path: Assets/Assets/!_App - WA-iOS-5.3.1/Assets/!_App - WA-iOS-5.3.1/Graphics/Screens/Unlocked artifact view/Artifact image 5.png
  artifactKey: Guid(77f6c51813e70c046b96a90c9a3c3e39) Importer(815301076,1909f56bfc062723c751e8b465ee728b)
Start importing Assets/Assets/!_App - WA-iOS-5.3.1/Assets/!_App - WA-iOS-5.3.1/Graphics/Screens/Unlocked artifact view/Artifact image 5.png using Guid(77f6c51813e70c046b96a90c9a3c3e39) Importer(815301076,1909f56bfc062723c751e8b465ee728b)  -> (artifact id: '6cfa7687889226598bb8e621e64faf30') in 0.014446 seconds 
========================================================================
Received Import Request.
  Time since last request: 0.000027 seconds.
  path: Assets/Assets/!_App - WA-iOS-5.3.1/Assets/!_App - WA-iOS-5.3.1/Graphics/Screens/Unlocked artifact view/Background #2 blur.png
  artifactKey: Guid(d203b8a5223d00c45b7b333e84218105) Importer(815301076,1909f56bfc062723c751e8b465ee728b)
Start importing Assets/Assets/!_App - WA-iOS-5.3.1/Assets/!_App - WA-iOS-5.3.1/Graphics/Screens/Unlocked artifact view/Background #2 blur.png using Guid(d203b8a5223d00c45b7b333e84218105) Importer(815301076,1909f56bfc062723c751e8b465ee728b)  -> (artifact id: '7d9e83d3639daa0cbf64589b5622770a') in 0.035562 seconds 
========================================================================
Received Import Request.
  Time since last request: 706.498575 seconds.
  path: Assets/Assets/!_App - WA-iOS-5.3.1/Assets/!_App - WA-iOS-5.3.1/Resources/AppSettings.asset
  artifactKey: Guid(6427e92b4c041014da58fcd0989de75e) Importer(815301076,1909f56bfc062723c751e8b465ee728b)
Start importing Assets/Assets/!_App - WA-iOS-5.3.1/Assets/!_App - WA-iOS-5.3.1/Resources/AppSettings.asset using Guid(6427e92b4c041014da58fcd0989de75e) Importer(815301076,1909f56bfc062723c751e8b465ee728b)  -> (artifact id: '0ad0eb53f4a51a36ea407cdcfd2b6f01') in 0.026564 seconds 
========================================================================
Received Import Request.
  Time since last request: 10.948468 seconds.
  path: Assets/Assets/!_App - WA-iOS-5.3.1/Assets/!_App - WA-iOS-5.3.1/Graphics/Screens/Win view/Game Currency #1 icon.png
  artifactKey: Guid(bd99b5b516313234bbe277e88dcce951) Importer(815301076,1909f56bfc062723c751e8b465ee728b)
Start importing Assets/Assets/!_App - WA-iOS-5.3.1/Assets/!_App - WA-iOS-5.3.1/Graphics/Screens/Win view/Game Currency #1 icon.png using Guid(bd99b5b516313234bbe277e88dcce951) Importer(815301076,1909f56bfc062723c751e8b465ee728b)  -> (artifact id: '1a841244a4ba4c63ee85ccad586fc1aa') in 0.010704 seconds 
========================================================================
Received Import Request.
  Time since last request: 0.000020 seconds.
  path: Assets/Assets/!_App - WA-iOS-5.3.1/Assets/!_App - WA-iOS-5.3.1/Graphics/Screens/Win view/Star icon.png
  artifactKey: Guid(f1652b9cafca2694c81dde2ba3c9ea34) Importer(815301076,1909f56bfc062723c751e8b465ee728b)
Start importing Assets/Assets/!_App - WA-iOS-5.3.1/Assets/!_App - WA-iOS-5.3.1/Graphics/Screens/Win view/Star icon.png using Guid(f1652b9cafca2694c81dde2ba3c9ea34) Importer(815301076,1909f56bfc062723c751e8b465ee728b)  -> (artifact id: 'e2f24b8756455326a9a29bb44045e291') in 0.013598 seconds 
========================================================================
Received Import Request.
  Time since last request: 0.000037 seconds.
  path: Assets/Assets/!_App - WA-iOS-5.3.1/Assets/!_App - WA-iOS-5.3.1/Graphics/Screens/Win view/Game Currency #2 icon.png
  artifactKey: Guid(c778ce677336b9247b0c24448e5643c9) Importer(815301076,1909f56bfc062723c751e8b465ee728b)
Start importing Assets/Assets/!_App - WA-iOS-5.3.1/Assets/!_App - WA-iOS-5.3.1/Graphics/Screens/Win view/Game Currency #2 icon.png using Guid(c778ce677336b9247b0c24448e5643c9) Importer(815301076,1909f56bfc062723c751e8b465ee728b)  -> (artifact id: '23d334d3508cc7ed77d1da0db725ae2b') in 0.007450 seconds 
========================================================================
Received Import Request.
  Time since last request: 0.000049 seconds.
  path: Assets/Assets/!_App - WA-iOS-5.3.1/Assets/!_App - WA-iOS-5.3.1/Graphics/Screens/Win view/Next Level Button.png
  artifactKey: Guid(c587e136deb11444683c549bdead21b9) Importer(815301076,1909f56bfc062723c751e8b465ee728b)
Start importing Assets/Assets/!_App - WA-iOS-5.3.1/Assets/!_App - WA-iOS-5.3.1/Graphics/Screens/Win view/Next Level Button.png using Guid(c587e136deb11444683c549bdead21b9) Importer(815301076,1909f56bfc062723c751e8b465ee728b)  -> (artifact id: 'b32c62cc8bb14574708a0bbc33b80ee1') in 0.007146 seconds 
========================================================================
Received Import Request.
  Time since last request: 6657.140992 seconds.
  path: Assets/Assets/!_App - WA-iOS-5.3.1/Assets/!_MoveToAppFolder/15 puzzle/Matirials/New Material.mat
  artifactKey: Guid(d46b1d8eaee29ad49a3707440a61102b) Importer(815301076,1909f56bfc062723c751e8b465ee728b)
Start importing Assets/Assets/!_App - WA-iOS-5.3.1/Assets/!_MoveToAppFolder/15 puzzle/Matirials/New Material.mat using Guid(d46b1d8eaee29ad49a3707440a61102b) Importer(815301076,1909f56bfc062723c751e8b465ee728b)  -> (artifact id: 'c62dbb10969eeed759b214b2ab244044') in 0.611640 seconds 
========================================================================
Received Import Request.
  Time since last request: 0.000022 seconds.
  path: Assets/Assets/!_App - WA-iOS-5.3.1/Assets/!_MoveToAppFolder/15 puzzle/Meshes/box.fbx
  artifactKey: Guid(fb5d52377e673334b9fd3df97b5b6c2f) Importer(815301076,1909f56bfc062723c751e8b465ee728b)
Start importing Assets/Assets/!_App - WA-iOS-5.3.1/Assets/!_MoveToAppFolder/15 puzzle/Meshes/box.fbx using Guid(fb5d52377e673334b9fd3df97b5b6c2f) Importer(815301076,1909f56bfc062723c751e8b465ee728b)  -> (artifact id: 'a5c37d98e130fcfb594d5447564e67e2') in 0.099232 seconds 
========================================================================
Received Import Request.
  Time since last request: 0.000042 seconds.
  path: Assets/Assets/!_App - WA-iOS-5.3.1/Assets/!_MoveToAppFolder/15 puzzle/Meshes/11.fbx
  artifactKey: Guid(d5929eec8ea4b104e8dd932c1306809f) Importer(815301076,1909f56bfc062723c751e8b465ee728b)
Start importing Assets/Assets/!_App - WA-iOS-5.3.1/Assets/!_MoveToAppFolder/15 puzzle/Meshes/11.fbx using Guid(d5929eec8ea4b104e8dd932c1306809f) Importer(815301076,1909f56bfc062723c751e8b465ee728b)  -> (artifact id: '0d4781d5cd3324f01de26ef00bc0722b') in 0.137260 seconds 
========================================================================
Received Import Request.
  Time since last request: 0.000047 seconds.
  path: Assets/Assets/!_App - WA-iOS-5.3.1/Assets/!_MoveToAppFolder/15 puzzle/Meshes/12.fbx
  artifactKey: Guid(83c5c2a9c31dbba4db966272b60a26cc) Importer(815301076,1909f56bfc062723c751e8b465ee728b)
Start importing Assets/Assets/!_App - WA-iOS-5.3.1/Assets/!_MoveToAppFolder/15 puzzle/Meshes/12.fbx using Guid(83c5c2a9c31dbba4db966272b60a26cc) Importer(815301076,1909f56bfc062723c751e8b465ee728b)  -> (artifact id: '74f3520dbea2474c0d72337a8ee86216') in 0.039506 seconds 
========================================================================
Received Import Request.
  Time since last request: 0.000032 seconds.
  path: Assets/Assets/!_App - WA-iOS-5.3.1/Assets/!_MoveToAppFolder/15 puzzle/Meshes/8.fbx
  artifactKey: Guid(6ed11d506085cc041a81bc7ca4ac0a94) Importer(815301076,1909f56bfc062723c751e8b465ee728b)
Start importing Assets/Assets/!_App - WA-iOS-5.3.1/Assets/!_MoveToAppFolder/15 puzzle/Meshes/8.fbx using Guid(6ed11d506085cc041a81bc7ca4ac0a94) Importer(815301076,1909f56bfc062723c751e8b465ee728b)  -> (artifact id: 'f67158647b922f5eda532f77070e88a2') in 0.039651 seconds 
========================================================================
Received Import Request.
  Time since last request: 0.000027 seconds.
  path: Assets/Assets/!_App - WA-iOS-5.3.1/Assets/!_MoveToAppFolder/15 puzzle/Meshes/15.fbx
  artifactKey: Guid(433a09c214b698a41b282d2aaf6d1308) Importer(815301076,1909f56bfc062723c751e8b465ee728b)
Start importing Assets/Assets/!_App - WA-iOS-5.3.1/Assets/!_MoveToAppFolder/15 puzzle/Meshes/15.fbx using Guid(433a09c214b698a41b282d2aaf6d1308) Importer(815301076,1909f56bfc062723c751e8b465ee728b)  -> (artifact id: '2bb6ca144e9a38646d14f184d7168565') in 0.044440 seconds 
========================================================================
Received Import Request.
  Time since last request: 0.000183 seconds.
  path: Assets/Assets/!_App - WA-iOS-5.3.1/Assets/!_MoveToAppFolder/15 puzzle/Meshes/7.fbx
  artifactKey: Guid(bb6d8fee65e858148a2dba11ba9dcc3a) Importer(815301076,1909f56bfc062723c751e8b465ee728b)
Start importing Assets/Assets/!_App - WA-iOS-5.3.1/Assets/!_MoveToAppFolder/15 puzzle/Meshes/7.fbx using Guid(bb6d8fee65e858148a2dba11ba9dcc3a) Importer(815301076,1909f56bfc062723c751e8b465ee728b)  -> (artifact id: '07144689c6472e7e8f12ef764432df5f') in 0.035610 seconds 
========================================================================
Received Import Request.
  Time since last request: 0.000028 seconds.
  path: Assets/Assets/!_App - WA-iOS-5.3.1/Assets/!_MoveToAppFolder/15 puzzle/Meshes/14.fbx
  artifactKey: Guid(bfc70edbe407fe247a4bce220bca0497) Importer(815301076,1909f56bfc062723c751e8b465ee728b)
Start importing Assets/Assets/!_App - WA-iOS-5.3.1/Assets/!_MoveToAppFolder/15 puzzle/Meshes/14.fbx using Guid(bfc70edbe407fe247a4bce220bca0497) Importer(815301076,1909f56bfc062723c751e8b465ee728b)  -> (artifact id: '02687efe122267ea539d393c749ae995') in 0.037453 seconds 
========================================================================
Received Import Request.
  Time since last request: 0.000031 seconds.
  path: Assets/Assets/!_App - WA-iOS-5.3.1/Assets/!_MoveToAppFolder/15 puzzle/Meshes/6.fbx
  artifactKey: Guid(d9d852a4783aa944fbd3e1f3d7e8fee9) Importer(815301076,1909f56bfc062723c751e8b465ee728b)
Start importing Assets/Assets/!_App - WA-iOS-5.3.1/Assets/!_MoveToAppFolder/15 puzzle/Meshes/6.fbx using Guid(d9d852a4783aa944fbd3e1f3d7e8fee9) Importer(815301076,1909f56bfc062723c751e8b465ee728b)  -> (artifact id: '5afbba6557cef78b001f376d8545e1bb') in 0.038993 seconds 
========================================================================
Received Import Request.
  Time since last request: 7.607988 seconds.
  path: Assets/Assets/!_App - WA-iOS-5.3.1/Assets/!_MoveToAppFolder/15 puzzle/Prefabs/2D/2.prefab
  artifactKey: Guid(61626faf14fd4f94c9005607f07dd32a) Importer(815301076,1909f56bfc062723c751e8b465ee728b)
Start importing Assets/Assets/!_App - WA-iOS-5.3.1/Assets/!_MoveToAppFolder/15 puzzle/Prefabs/2D/2.prefab using Guid(61626faf14fd4f94c9005607f07dd32a) Importer(815301076,1909f56bfc062723c751e8b465ee728b)  -> (artifact id: 'f990b9d9783e7fe92c87f790dcf0be87') in 0.007718 seconds 
========================================================================
Received Import Request.
  Time since last request: 0.000032 seconds.
  path: Assets/Assets/!_App - WA-iOS-5.3.1/Assets/!_MoveToAppFolder/15 puzzle/Prefabs/2D/6.prefab
  artifactKey: Guid(527c128cd67aed3489e0bd668178ba44) Importer(815301076,1909f56bfc062723c751e8b465ee728b)
Start importing Assets/Assets/!_App - WA-iOS-5.3.1/Assets/!_MoveToAppFolder/15 puzzle/Prefabs/2D/6.prefab using Guid(527c128cd67aed3489e0bd668178ba44) Importer(815301076,1909f56bfc062723c751e8b465ee728b)  -> (artifact id: '8f656a9de63574df245b79608fe0e409') in 0.003431 seconds 
========================================================================
Received Import Request.
  Time since last request: 0.000077 seconds.
  path: Assets/Assets/!_App - WA-iOS-5.3.1/Assets/!_MoveToAppFolder/15 puzzle/Prefabs/2D/12.prefab
  artifactKey: Guid(0d3d1af92c67512448e1b4b698c31229) Importer(815301076,1909f56bfc062723c751e8b465ee728b)
Start importing Assets/Assets/!_App - WA-iOS-5.3.1/Assets/!_MoveToAppFolder/15 puzzle/Prefabs/2D/12.prefab using Guid(0d3d1af92c67512448e1b4b698c31229) Importer(815301076,1909f56bfc062723c751e8b465ee728b)  -> (artifact id: 'e53a8cfda0af7a8254583f9abf297052') in 0.003804 seconds 
========================================================================
Received Import Request.
  Time since last request: 0.000040 seconds.
  path: Assets/Assets/!_App - WA-iOS-5.3.1/Assets/!_MoveToAppFolder/15 puzzle/Prefabs/2D/11.prefab
  artifactKey: Guid(552da92f45b46374ca77f7e42bc9c226) Importer(815301076,1909f56bfc062723c751e8b465ee728b)
Start importing Assets/Assets/!_App - WA-iOS-5.3.1/Assets/!_MoveToAppFolder/15 puzzle/Prefabs/2D/11.prefab using Guid(552da92f45b46374ca77f7e42bc9c226) Importer(815301076,1909f56bfc062723c751e8b465ee728b)  -> (artifact id: '2b67bc771265afb88d9a3a574c99131c') in 0.004657 seconds 
========================================================================
Received Import Request.
  Time since last request: 0.000080 seconds.
  path: Assets/Assets/!_App - WA-iOS-5.3.1/Assets/!_MoveToAppFolder/15 puzzle/Prefabs/2D/13.prefab
  artifactKey: Guid(165d2dbc21e1d2f44a0477c156aa7a0d) Importer(815301076,1909f56bfc062723c751e8b465ee728b)
Start importing Assets/Assets/!_App - WA-iOS-5.3.1/Assets/!_MoveToAppFolder/15 puzzle/Prefabs/2D/13.prefab using Guid(165d2dbc21e1d2f44a0477c156aa7a0d) Importer(815301076,1909f56bfc062723c751e8b465ee728b)  -> (artifact id: 'cd5e63fb8a9b272a87990fe92b2e56f7') in 0.003837 seconds 
========================================================================
Received Import Request.
  Time since last request: 0.000058 seconds.
  path: Assets/Assets/!_App - WA-iOS-5.3.1/Assets/!_MoveToAppFolder/15 puzzle/Prefabs/2D/9.prefab
  artifactKey: Guid(fc4e9fb5bdde2ca47846e6892ece8ea4) Importer(815301076,1909f56bfc062723c751e8b465ee728b)
Start importing Assets/Assets/!_App - WA-iOS-5.3.1/Assets/!_MoveToAppFolder/15 puzzle/Prefabs/2D/9.prefab using Guid(fc4e9fb5bdde2ca47846e6892ece8ea4) Importer(815301076,1909f56bfc062723c751e8b465ee728b)  -> (artifact id: 'ae96485bcdb3bff1c21d2bb9692c57ca') in 0.003512 seconds 
========================================================================
Received Import Request.
  Time since last request: 0.000026 seconds.
  path: Assets/Assets/!_App - WA-iOS-5.3.1/Assets/!_MoveToAppFolder/15 puzzle/Prefabs/2D/10.prefab
  artifactKey: Guid(9b4221a53ee8da44684516dd93331a6a) Importer(815301076,1909f56bfc062723c751e8b465ee728b)
Start importing Assets/Assets/!_App - WA-iOS-5.3.1/Assets/!_MoveToAppFolder/15 puzzle/Prefabs/2D/10.prefab using Guid(9b4221a53ee8da44684516dd93331a6a) Importer(815301076,1909f56bfc062723c751e8b465ee728b)  -> (artifact id: '2ca9e13a68b6827adcd437f74c302c7e') in 0.004084 seconds 
========================================================================
Received Import Request.
  Time since last request: 0.483612 seconds.
  path: Assets/Assets/!_App - WA-iOS-5.3.1/Assets/!_MoveToAppFolder/15 puzzle/Prefabs/3D/2.prefab
  artifactKey: Guid(6686fd7d821106d4d81ce85a9931acf4) Importer(815301076,1909f56bfc062723c751e8b465ee728b)
Start importing Assets/Assets/!_App - WA-iOS-5.3.1/Assets/!_MoveToAppFolder/15 puzzle/Prefabs/3D/2.prefab using Guid(6686fd7d821106d4d81ce85a9931acf4) Importer(815301076,1909f56bfc062723c751e8b465ee728b)  -> (artifact id: 'c9a78ebe55047663f782b8f77a483540') in 0.003674 seconds 
========================================================================
Received Import Request.
  Time since last request: 0.000028 seconds.
  path: Assets/Assets/!_App - WA-iOS-5.3.1/Assets/!_MoveToAppFolder/15 puzzle/Prefabs/3D/7.prefab
  artifactKey: Guid(873c1c45773c05c4187e40029e868a8e) Importer(815301076,1909f56bfc062723c751e8b465ee728b)
Start importing Assets/Assets/!_App - WA-iOS-5.3.1/Assets/!_MoveToAppFolder/15 puzzle/Prefabs/3D/7.prefab using Guid(873c1c45773c05c4187e40029e868a8e) Importer(815301076,1909f56bfc062723c751e8b465ee728b)  -> (artifact id: 'aa0e74ccc77597b6a9c5ba51e52ed037') in 0.003616 seconds 
========================================================================
Received Import Request.
  Time since last request: 0.000036 seconds.
  path: Assets/Assets/!_App - WA-iOS-5.3.1/Assets/!_MoveToAppFolder/15 puzzle/Prefabs/3D/14.prefab
  artifactKey: Guid(118e16ea408050247bcd415954b6a4fe) Importer(815301076,1909f56bfc062723c751e8b465ee728b)
Start importing Assets/Assets/!_App - WA-iOS-5.3.1/Assets/!_MoveToAppFolder/15 puzzle/Prefabs/3D/14.prefab using Guid(118e16ea408050247bcd415954b6a4fe) Importer(815301076,1909f56bfc062723c751e8b465ee728b)  -> (artifact id: '54285b622bebb786b6730db8fac1f941') in 0.005220 seconds 
========================================================================
Received Import Request.
  Time since last request: 0.000032 seconds.
  path: Assets/Assets/!_App - WA-iOS-5.3.1/Assets/!_MoveToAppFolder/15 puzzle/Prefabs/3D/10.prefab
  artifactKey: Guid(63a981ef0f2be784eaf47445231fb870) Importer(815301076,1909f56bfc062723c751e8b465ee728b)
Start importing Assets/Assets/!_App - WA-iOS-5.3.1/Assets/!_MoveToAppFolder/15 puzzle/Prefabs/3D/10.prefab using Guid(63a981ef0f2be784eaf47445231fb870) Importer(815301076,1909f56bfc062723c751e8b465ee728b)  -> (artifact id: '624c956f934b2e325173b55165554b5e') in 0.004176 seconds 
========================================================================
Received Import Request.
  Time since last request: 0.000114 seconds.
  path: Assets/Assets/!_App - WA-iOS-5.3.1/Assets/!_MoveToAppFolder/15 puzzle/Prefabs/3D/12.prefab
  artifactKey: Guid(d029546aab61a5044946118096fc38e5) Importer(815301076,1909f56bfc062723c751e8b465ee728b)
Start importing Assets/Assets/!_App - WA-iOS-5.3.1/Assets/!_MoveToAppFolder/15 puzzle/Prefabs/3D/12.prefab using Guid(d029546aab61a5044946118096fc38e5) Importer(815301076,1909f56bfc062723c751e8b465ee728b)  -> (artifact id: 'e7971f7cb27f949800abba610eb93f0a') in 0.004780 seconds 
========================================================================
Received Import Request.
  Time since last request: 0.000041 seconds.
  path: Assets/Assets/!_App - WA-iOS-5.3.1/Assets/!_MoveToAppFolder/15 puzzle/Prefabs/3D/13.prefab
  artifactKey: Guid(4be91c5c949ba8c47b94b78a0606fb6e) Importer(815301076,1909f56bfc062723c751e8b465ee728b)
Start importing Assets/Assets/!_App - WA-iOS-5.3.1/Assets/!_MoveToAppFolder/15 puzzle/Prefabs/3D/13.prefab using Guid(4be91c5c949ba8c47b94b78a0606fb6e) Importer(815301076,1909f56bfc062723c751e8b465ee728b)  -> (artifact id: '95508a3a247192499ef98a972265ec7c') in 0.004494 seconds 
========================================================================
Received Import Request.
  Time since last request: 0.000058 seconds.
  path: Assets/Assets/!_App - WA-iOS-5.3.1/Assets/!_MoveToAppFolder/15 puzzle/Prefabs/3D/6.prefab
  artifactKey: Guid(a8f057634a3b07c4d9cb574da2c71532) Importer(815301076,1909f56bfc062723c751e8b465ee728b)
Start importing Assets/Assets/!_App - WA-iOS-5.3.1/Assets/!_MoveToAppFolder/15 puzzle/Prefabs/3D/6.prefab using Guid(a8f057634a3b07c4d9cb574da2c71532) Importer(815301076,1909f56bfc062723c751e8b465ee728b)  -> (artifact id: 'cfb3a30167de6130402982f772ed3581') in 0.003820 seconds 
========================================================================
Received Import Request.
  Time since last request: 0.000044 seconds.
  path: Assets/Assets/!_App - WA-iOS-5.3.1/Assets/!_MoveToAppFolder/15 puzzle/Prefabs/3D/box Variant.prefab
  artifactKey: Guid(f6ea25a30e604734e81222f94b1c0f94) Importer(815301076,1909f56bfc062723c751e8b465ee728b)
Start importing Assets/Assets/!_App - WA-iOS-5.3.1/Assets/!_MoveToAppFolder/15 puzzle/Prefabs/3D/box Variant.prefab using Guid(f6ea25a30e604734e81222f94b1c0f94) Importer(815301076,1909f56bfc062723c751e8b465ee728b)  -> (artifact id: 'c45eba5aa7deb811426ae16bc4f98676') in 0.008104 seconds 
========================================================================
Received Import Request.
  Time since last request: 108.976375 seconds.
  path: Assets/Assets/!_App - WA-iOS-5.3.1/Assets/!_MoveToAppFolder/15 puzzle/Sprites/Frame 2 - Copy.png
  artifactKey: Guid(2efeea9245e4ba946bd67af89dcf938e) Importer(815301076,1909f56bfc062723c751e8b465ee728b)
Start importing Assets/Assets/!_App - WA-iOS-5.3.1/Assets/!_MoveToAppFolder/15 puzzle/Sprites/Frame 2 - Copy.png using Guid(2efeea9245e4ba946bd67af89dcf938e) Importer(815301076,1909f56bfc062723c751e8b465ee728b)  -> (artifact id: '055d0d788860281e3780fee563a5cf1d') in 0.299589 seconds 
========================================================================
Received Prepare
Registering precompiled user dll's ...
Registered in 0.004831 seconds.
Begin MonoManager ReloadAssembly
Symbol file LoadedFromMemory doesn't match image A:\UnityProjects\PurpleGit\PurpleGame\PurpleGameWithoutURP\Library\PackageCache\com.unity.visualscripting@1.7.8\Editor\VisualScripting.Core\Dependencies\YamlDotNet\Unity.VisualScripting.YamlDotNet.dll
Symbol file LoadedFromMemory doesn't match image A:\UnityProjects\PurpleGit\PurpleGame\PurpleGameWithoutURP\Library\PackageCache\com.unity.visualscripting@1.7.8\Editor\VisualScripting.Core\Dependencies\DotNetZip\Unity.VisualScripting.IonicZip.dll
Native extension for WindowsStandalone target not found
Native extension for iOS target not found
Native extension for Android target not found
Refreshing native plugins compatible for Editor in 2.21 ms, found 4 plugins.
Preloading 0 native plugins for Editor in 0.00 ms.
Mono: successfully reloaded assembly
- Completed reload, in  2.510 seconds
Domain Reload Profiling:
	ReloadAssembly (2512ms)
		BeginReloadAssembly (933ms)
			ExecutionOrderSort (0ms)
			DisableScriptedObjects (43ms)
			BackupInstance (0ms)
			ReleaseScriptingObjects (0ms)
			CreateAndSetChildDomain (632ms)
		EndReloadAssembly (1378ms)
			LoadAssemblies (215ms)
			RebuildTransferFunctionScriptingTraits (1ms)
			SetupTypeCache (538ms)
			ReleaseScriptCaches (4ms)
			RebuildScriptCaches (48ms)
			SetupLoadedEditorAssemblies (571ms)
				LogAssemblyErrors (0ms)
				InitializePlatformSupportModulesInManaged (52ms)
				SetLoadedEditorAssemblies (2ms)
				RefreshPlugins (2ms)
				BeforeProcessingInitializeOnLoad (118ms)
				ProcessInitializeOnLoadAttributes (318ms)
				ProcessInitializeOnLoadMethodAttributes (67ms)
				AfterProcessingInitializeOnLoad (11ms)
				EditorAssembliesLoaded (0ms)
			ExecutionOrderSort2 (0ms)
			AwakeInstancesAfterBackupRestoration (13ms)
Platform modules already initialized, skipping
Refreshing native plugins compatible for Editor in 4.72 ms, found 4 plugins.
Preloading 0 native plugins for Editor in 0.00 ms.
Unloading 4060 Unused Serialized files (Serialized files now loaded: 0)
Unloading 32 unused Assets / (195.9 KB). Loaded Objects now: 4652.
Memory consumption went from 159.1 MB to 158.9 MB.
Total: 17.279000 ms (FindLiveObjects: 1.412000 ms CreateObjectMapping: 0.442800 ms MarkObjects: 14.601400 ms  DeleteObjects: 0.818800 ms)

AssetImportParameters requested are different than current active one (requested -> active):
  custom:video-decoder-ogg-theora: a1e56fd34408186e4bbccfd4996cb3dc -> 
  custom:container-muxer-webm: aa71ff27fc2769a1b78a27578f13a17b -> 
  custom:container-demuxer-webm: 4f35f7cbe854078d1ac9338744f61a02 -> 
  custom:video-encoder-webm-vp8: eb34c28f22e8b96e1ab97ce403110664 -> 
  custom:audio-encoder-webm-vorbis: bf7c407c2cedff20999df2af8eb42d56 -> 
  custom:framework-win-MediaFoundation: 216162199b28c13a410421893ffa2e32 -> 
  custom:container-demuxer-ogg: 62fdf1f143b41e24485cea50d1cbac27 -> 
  custom:video-decoder-webm-vp8: 9c59270c3fd7afecdb556c50c9e8de78 -> 
  custom:audio-decoder-ogg-vorbis: bf7c407c2cedff20999df2af8eb42d56 -> 
