Using pre-set license
Built from '2021.3/staging' branch; Version is '2021.3.14f1 (eee1884e7226) revision 15655304'; Using compiler version '192829333'; Build Type 'Release'
OS: 'Windows 10  (10.0.19044) 64bit Professional' Language: 'ru' Physical Memory: 8023 MB
BatchMode: 1, IsHumanControllingUs: 0, StartBugReporterOnCrash: 0, Is64bit: 1, IsPro: 1

COMMAND LINE ARGUMENTS:
C:\Program Files\Unity\Hub\Editor\2021.3.14f1\Editor\Unity.exe
-adb2
-batchMode
-noUpm
-name
AssetImportWorker0
-projectPath
A:/UnityProjects/PurpleGit/PurpleGame/PurpleGameWithoutURP
-logFile
Logs/AssetImportWorker0.log
-srvPort
49776
Successfully changed project path to: A:/UnityProjects/PurpleGit/PurpleGame/PurpleGameWithoutURP
A:/UnityProjects/PurpleGit/PurpleGame/PurpleGameWithoutURP
[UnityMemory] Configuration Parameters - Can be set up in boot.config
    "memorysetup-bucket-allocator-granularity=16"
    "memorysetup-bucket-allocator-bucket-count=8"
    "memorysetup-bucket-allocator-block-size=33554432"
    "memorysetup-bucket-allocator-block-count=8"
    "memorysetup-main-allocator-block-size=16777216"
    "memorysetup-thread-allocator-block-size=16777216"
    "memorysetup-gfx-main-allocator-block-size=16777216"
    "memorysetup-gfx-thread-allocator-block-size=16777216"
    "memorysetup-cache-allocator-block-size=4194304"
    "memorysetup-typetree-allocator-block-size=2097152"
    "memorysetup-profiler-bucket-allocator-granularity=16"
    "memorysetup-profiler-bucket-allocator-bucket-count=8"
    "memorysetup-profiler-bucket-allocator-block-size=33554432"
    "memorysetup-profiler-bucket-allocator-block-count=8"
    "memorysetup-profiler-allocator-block-size=16777216"
    "memorysetup-profiler-editor-allocator-block-size=1048576"
    "memorysetup-temp-allocator-size-main=16777216"
    "memorysetup-job-temp-allocator-block-size=2097152"
    "memorysetup-job-temp-allocator-block-size-background=1048576"
    "memorysetup-job-temp-allocator-reduction-small-platforms=262144"
    "memorysetup-temp-allocator-size-background-worker=32768"
    "memorysetup-temp-allocator-size-job-worker=262144"
    "memorysetup-temp-allocator-size-preload-manager=33554432"
    "memorysetup-temp-allocator-size-nav-mesh-worker=65536"
    "memorysetup-temp-allocator-size-audio-worker=65536"
    "memorysetup-temp-allocator-size-cloud-worker=32768"
    "memorysetup-temp-allocator-size-gi-baking-worker=262144"
    "memorysetup-temp-allocator-size-gfx=262144"
Refreshing native plugins compatible for Editor in 106.32 ms, found 4 plugins.
Preloading 0 native plugins for Editor in 0.00 ms.
Initialize engine version: 2021.3.14f1 (eee1884e7226)
[Subsystems] Discovering subsystems at path C:/Program Files/Unity/Hub/Editor/2021.3.14f1/Editor/Data/Resources/UnitySubsystems
[Subsystems] Discovering subsystems at path A:/UnityProjects/PurpleGit/PurpleGame/PurpleGameWithoutURP/Assets
GfxDevice: creating device client; threaded=0; jobified=0
Direct3D:
    Version:  Direct3D 11.0 [level 11.1]
    Renderer: NVIDIA GeForce RTX 3050 Laptop GPU (ID=0x25a2)
    Vendor:   NVIDIA
    VRAM:     3977 MB
    Driver:   31.0.15.3742
Initialize mono
Mono path[0] = 'C:/Program Files/Unity/Hub/Editor/2021.3.14f1/Editor/Data/Managed'
Mono path[1] = 'C:/Program Files/Unity/Hub/Editor/2021.3.14f1/Editor/Data/MonoBleedingEdge/lib/mono/unityjit-win32'
Mono config path = 'C:/Program Files/Unity/Hub/Editor/2021.3.14f1/Editor/Data/MonoBleedingEdge/etc'
Using monoOptions --debugger-agent=transport=dt_socket,embedding=1,server=y,suspend=n,address=127.0.0.1:56780
Begin MonoManager ReloadAssembly
Registering precompiled unity dll's ...
Register platform support module: C:/Program Files/Unity/Hub/Editor/2021.3.14f1/Editor/Data/PlaybackEngines/AndroidPlayer/UnityEditor.Android.Extensions.dll
Register platform support module: C:/Program Files/Unity/Hub/Editor/2021.3.14f1/Editor/Data/PlaybackEngines/iOSSupport/UnityEditor.iOS.Extensions.dll
Register platform support module: C:/Program Files/Unity/Hub/Editor/2021.3.14f1/Editor/Data/PlaybackEngines/WindowsStandaloneSupport/UnityEditor.WindowsStandalone.Extensions.dll
Registered in 0.004969 seconds.
Native extension for WindowsStandalone target not found
[usbmuxd] Start listen thread
[usbmuxd] Listen thread started
Native extension for iOS target not found
Native extension for Android target not found
Refreshing native plugins compatible for Editor in 104.54 ms, found 4 plugins.
Preloading 0 native plugins for Editor in 0.00 ms.
Mono: successfully reloaded assembly
- Completed reload, in  0.649 seconds
Domain Reload Profiling:
	ReloadAssembly (650ms)
		BeginReloadAssembly (67ms)
			ExecutionOrderSort (0ms)
			DisableScriptedObjects (0ms)
			BackupInstance (0ms)
			ReleaseScriptingObjects (0ms)
			CreateAndSetChildDomain (1ms)
		EndReloadAssembly (480ms)
			LoadAssemblies (64ms)
			RebuildTransferFunctionScriptingTraits (0ms)
			SetupTypeCache (99ms)
			ReleaseScriptCaches (0ms)
			RebuildScriptCaches (28ms)
			SetupLoadedEditorAssemblies (301ms)
				LogAssemblyErrors (0ms)
				InitializePlatformSupportModulesInManaged (59ms)
				SetLoadedEditorAssemblies (0ms)
				RefreshPlugins (105ms)
				BeforeProcessingInitializeOnLoad (1ms)
				ProcessInitializeOnLoadAttributes (90ms)
				ProcessInitializeOnLoadMethodAttributes (46ms)
				AfterProcessingInitializeOnLoad (0ms)
				EditorAssembliesLoaded (0ms)
			ExecutionOrderSort2 (0ms)
			AwakeInstancesAfterBackupRestoration (0ms)
Platform modules already initialized, skipping
Registering precompiled user dll's ...
Registered in 0.004688 seconds.
Begin MonoManager ReloadAssembly
Symbol file LoadedFromMemory doesn't match image A:\UnityProjects\PurpleGit\PurpleGame\PurpleGameWithoutURP\Library\PackageCache\com.unity.visualscripting@1.7.8\Editor\VisualScripting.Core\Dependencies\DotNetZip\Unity.VisualScripting.IonicZip.dll
Symbol file LoadedFromMemory doesn't match image A:\UnityProjects\PurpleGit\PurpleGame\PurpleGameWithoutURP\Library\PackageCache\com.unity.visualscripting@1.7.8\Editor\VisualScripting.Core\Dependencies\YamlDotNet\Unity.VisualScripting.YamlDotNet.dll
Native extension for WindowsStandalone target not found
Native extension for iOS target not found
Native extension for Android target not found
Refreshing native plugins compatible for Editor in 103.23 ms, found 4 plugins.
Preloading 0 native plugins for Editor in 0.00 ms.
Mono: successfully reloaded assembly
- Completed reload, in  1.591 seconds
Domain Reload Profiling:
	ReloadAssembly (1592ms)
		BeginReloadAssembly (220ms)
			ExecutionOrderSort (0ms)
			DisableScriptedObjects (5ms)
			BackupInstance (0ms)
			ReleaseScriptingObjects (0ms)
			CreateAndSetChildDomain (133ms)
		EndReloadAssembly (1214ms)
			LoadAssemblies (129ms)
			RebuildTransferFunctionScriptingTraits (0ms)
			SetupTypeCache (347ms)
			ReleaseScriptCaches (1ms)
			RebuildScriptCaches (63ms)
			SetupLoadedEditorAssemblies (608ms)
				LogAssemblyErrors (0ms)
				InitializePlatformSupportModulesInManaged (23ms)
				SetLoadedEditorAssemblies (0ms)
				RefreshPlugins (103ms)
				BeforeProcessingInitializeOnLoad (109ms)
				ProcessInitializeOnLoadAttributes (213ms)
				ProcessInitializeOnLoadMethodAttributes (151ms)
				AfterProcessingInitializeOnLoad (7ms)
				EditorAssembliesLoaded (0ms)
			ExecutionOrderSort2 (0ms)
			AwakeInstancesAfterBackupRestoration (4ms)
Platform modules already initialized, skipping
========================================================================
Worker process is ready to serve import requests
Launched and connected shader compiler UnityShaderCompiler.exe after 0.03 seconds
Refreshing native plugins compatible for Editor in 0.98 ms, found 4 plugins.
Preloading 0 native plugins for Editor in 0.00 ms.
Unloading 4702 Unused Serialized files (Serialized files now loaded: 0)
Unloading 76 unused Assets / (230.3 KB). Loaded Objects now: 5124.
Memory consumption went from 174.0 MB to 173.8 MB.
Total: 6.296200 ms (FindLiveObjects: 0.364500 ms CreateObjectMapping: 0.384700 ms MarkObjects: 5.364600 ms  DeleteObjects: 0.181100 ms)

AssetImportParameters requested are different than current active one (requested -> active):
  custom:video-decoder-ogg-theora: a1e56fd34408186e4bbccfd4996cb3dc -> 
  custom:container-muxer-webm: aa71ff27fc2769a1b78a27578f13a17b -> 
  custom:container-demuxer-webm: 4f35f7cbe854078d1ac9338744f61a02 -> 
  custom:video-encoder-webm-vp8: eb34c28f22e8b96e1ab97ce403110664 -> 
  custom:audio-encoder-webm-vorbis: bf7c407c2cedff20999df2af8eb42d56 -> 
  custom:framework-win-MediaFoundation: 216162199b28c13a410421893ffa2e32 -> 
  custom:container-demuxer-ogg: 62fdf1f143b41e24485cea50d1cbac27 -> 
  custom:video-decoder-webm-vp8: 9c59270c3fd7afecdb556c50c9e8de78 -> 
  custom:audio-decoder-ogg-vorbis: bf7c407c2cedff20999df2af8eb42d56 -> 
========================================================================
Received Import Request.
  Time since last request: 165.365911 seconds.
  path: Assets/Assets/!_App - WA-iOS-5.3.1/15 puzzle/Fonts/ST-SimpleSquare.otf
  artifactKey: Guid(50ff52d00bcdd204189d1cbc4cb4b72a) Importer(815301076,1909f56bfc062723c751e8b465ee728b)
Start importing Assets/Assets/!_App - WA-iOS-5.3.1/15 puzzle/Fonts/ST-SimpleSquare.otf using Guid(50ff52d00bcdd204189d1cbc4cb4b72a) Importer(815301076,1909f56bfc062723c751e8b465ee728b)  -> (artifact id: 'b392daa27ba8119286e798a57b231a1e') in 0.116180 seconds 
========================================================================
Received Import Request.
  Time since last request: 0.000023 seconds.
  path: Assets/Assets/!_App - WA-iOS-5.3.1/15 puzzle/Meshes/13.fbx
  artifactKey: Guid(8460c2453f862694aabccd983333135d) Importer(815301076,1909f56bfc062723c751e8b465ee728b)
Start importing Assets/Assets/!_App - WA-iOS-5.3.1/15 puzzle/Meshes/13.fbx using Guid(8460c2453f862694aabccd983333135d) Importer(815301076,1909f56bfc062723c751e8b465ee728b)  -> (artifact id: 'a161f5d4608f8b968dd06a0c607c3515') in 0.054873 seconds 
========================================================================
Received Import Request.
  Time since last request: 0.000016 seconds.
  path: Assets/Assets/!_App - WA-iOS-5.3.1/15 puzzle/Meshes/8.fbx
  artifactKey: Guid(c30247b41f34a324199991939ec1cfaf) Importer(815301076,1909f56bfc062723c751e8b465ee728b)
Start importing Assets/Assets/!_App - WA-iOS-5.3.1/15 puzzle/Meshes/8.fbx using Guid(c30247b41f34a324199991939ec1cfaf) Importer(815301076,1909f56bfc062723c751e8b465ee728b)  -> (artifact id: '9ba2472e420e119ffb8afe958f9ba88e') in 0.022326 seconds 
========================================================================
Received Import Request.
  Time since last request: 0.000058 seconds.
  path: Assets/Assets/!_App - WA-iOS-5.3.1/15 puzzle/Meshes/10.fbx
  artifactKey: Guid(2c2e18b58300cf14f9e4ef33f173cc88) Importer(815301076,1909f56bfc062723c751e8b465ee728b)
Start importing Assets/Assets/!_App - WA-iOS-5.3.1/15 puzzle/Meshes/10.fbx using Guid(2c2e18b58300cf14f9e4ef33f173cc88) Importer(815301076,1909f56bfc062723c751e8b465ee728b)  -> (artifact id: 'd1f7be3b6fe73246ce0c33525cb76f2a') in 0.033178 seconds 
========================================================================
Received Import Request.
  Time since last request: 0.000015 seconds.
  path: Assets/Assets/!_App - WA-iOS-5.3.1/15 puzzle/Meshes/14.fbx
  artifactKey: Guid(458b7c0f4ef45414eb1cab97674d6c00) Importer(815301076,1909f56bfc062723c751e8b465ee728b)
Start importing Assets/Assets/!_App - WA-iOS-5.3.1/15 puzzle/Meshes/14.fbx using Guid(458b7c0f4ef45414eb1cab97674d6c00) Importer(815301076,1909f56bfc062723c751e8b465ee728b)  -> (artifact id: 'f85b86eed0ecd03fc0dec3a50607efb7') in 0.020404 seconds 
========================================================================
Received Import Request.
  Time since last request: 0.000019 seconds.
  path: Assets/Assets/!_App - WA-iOS-5.3.1/15 puzzle/Meshes/6.fbx
  artifactKey: Guid(fa64633fe267b204ebfaf5ff23d52c09) Importer(815301076,1909f56bfc062723c751e8b465ee728b)
Start importing Assets/Assets/!_App - WA-iOS-5.3.1/15 puzzle/Meshes/6.fbx using Guid(fa64633fe267b204ebfaf5ff23d52c09) Importer(815301076,1909f56bfc062723c751e8b465ee728b)  -> (artifact id: 'ac9186f21d2e25599b33bd026a57904b') in 0.020812 seconds 
========================================================================
Received Import Request.
  Time since last request: 0.000014 seconds.
  path: Assets/Assets/!_App - WA-iOS-5.3.1/15 puzzle/Prefabs/Board.prefab
  artifactKey: Guid(ef2ddf414dc179d4ea8241875887cc69) Importer(815301076,1909f56bfc062723c751e8b465ee728b)
Start importing Assets/Assets/!_App - WA-iOS-5.3.1/15 puzzle/Prefabs/Board.prefab using Guid(ef2ddf414dc179d4ea8241875887cc69) Importer(815301076,1909f56bfc062723c751e8b465ee728b)  -> (artifact id: '47272b7327d645583e5b2f3ff2717d28') in 0.035508 seconds 
========================================================================
Received Import Request.
  Time since last request: 0.000018 seconds.
  path: Assets/Assets/!_App - WA-iOS-5.3.1/15 puzzle/Meshes/1.fbx
  artifactKey: Guid(0cb045d4377647d4cab46adbee14ff11) Importer(815301076,1909f56bfc062723c751e8b465ee728b)
Start importing Assets/Assets/!_App - WA-iOS-5.3.1/15 puzzle/Meshes/1.fbx using Guid(0cb045d4377647d4cab46adbee14ff11) Importer(815301076,1909f56bfc062723c751e8b465ee728b)  -> (artifact id: 'bd9088589433d47cc1f43b9e2a97e758') in 0.028369 seconds 
========================================================================
Received Import Request.
  Time since last request: 0.000014 seconds.
  path: Assets/Assets/!_App - WA-iOS-5.3.1/15 puzzle/Meshes/5.fbx
  artifactKey: Guid(ec1ece0dbc9291d44bc7d0ac1ddbdd7a) Importer(815301076,1909f56bfc062723c751e8b465ee728b)
Start importing Assets/Assets/!_App - WA-iOS-5.3.1/15 puzzle/Meshes/5.fbx using Guid(ec1ece0dbc9291d44bc7d0ac1ddbdd7a) Importer(815301076,1909f56bfc062723c751e8b465ee728b)  -> (artifact id: '5f3d796ada7022a5e137ad2401d5ee73') in 0.026384 seconds 
========================================================================
Received Import Request.
  Time since last request: 0.000014 seconds.
  path: Assets/Assets/!_App - WA-iOS-5.3.1/15 puzzle/Meshes/3.fbx
  artifactKey: Guid(e9ea4afa9a8779e44af5fbe432377856) Importer(815301076,1909f56bfc062723c751e8b465ee728b)
Start importing Assets/Assets/!_App - WA-iOS-5.3.1/15 puzzle/Meshes/3.fbx using Guid(e9ea4afa9a8779e44af5fbe432377856) Importer(815301076,1909f56bfc062723c751e8b465ee728b)  -> (artifact id: 'ac05c2ed3bcc92136d31fa03d5302a6c') in 0.026145 seconds 
========================================================================
Received Import Request.
  Time since last request: 0.000073 seconds.
  path: Assets/Assets/!_App - WA-iOS-5.3.1/15 puzzle/Meshes/11.fbx
  artifactKey: Guid(7ff49d9fc2eaa4c46a4490fa40a6a064) Importer(815301076,1909f56bfc062723c751e8b465ee728b)
Start importing Assets/Assets/!_App - WA-iOS-5.3.1/15 puzzle/Meshes/11.fbx using Guid(7ff49d9fc2eaa4c46a4490fa40a6a064) Importer(815301076,1909f56bfc062723c751e8b465ee728b)  -> (artifact id: '101f6ec3e2cb3aa809a504cd0be9245f') in 0.035408 seconds 
========================================================================
Received Import Request.
  Time since last request: 0.000016 seconds.
  path: Assets/Assets/!_App - WA-iOS-5.3.1/15 puzzle/Meshes/15.fbx
  artifactKey: Guid(f529de4bd29353c4ab4501ee259ad8db) Importer(815301076,1909f56bfc062723c751e8b465ee728b)
Start importing Assets/Assets/!_App - WA-iOS-5.3.1/15 puzzle/Meshes/15.fbx using Guid(f529de4bd29353c4ab4501ee259ad8db) Importer(815301076,1909f56bfc062723c751e8b465ee728b)  -> (artifact id: '5d45c49afa514f7f8b63931312f9a766') in 0.028279 seconds 
========================================================================
Received Import Request.
  Time since last request: 0.000020 seconds.
  path: Assets/Assets/!_App - WA-iOS-5.3.1/15 puzzle/Meshes/2.fbx
  artifactKey: Guid(d10a36442ebc62046a19de0914a88527) Importer(815301076,1909f56bfc062723c751e8b465ee728b)
Start importing Assets/Assets/!_App - WA-iOS-5.3.1/15 puzzle/Meshes/2.fbx using Guid(d10a36442ebc62046a19de0914a88527) Importer(815301076,1909f56bfc062723c751e8b465ee728b)  -> (artifact id: 'f98e0e9868479c9e5bd941a84e0b7c24') in 0.029209 seconds 
========================================================================
Received Import Request.
  Time since last request: 0.000020 seconds.
  path: Assets/Assets/!_App - WA-iOS-5.3.1/15 puzzle/Meshes/9.fbx
  artifactKey: Guid(2feef500b4babf0418bb03e640a9c747) Importer(815301076,1909f56bfc062723c751e8b465ee728b)
Start importing Assets/Assets/!_App - WA-iOS-5.3.1/15 puzzle/Meshes/9.fbx using Guid(2feef500b4babf0418bb03e640a9c747) Importer(815301076,1909f56bfc062723c751e8b465ee728b)  -> (artifact id: '7f47e7476b56c9237a0342c8edac01d2') in 0.031058 seconds 
========================================================================
Received Import Request.
  Time since last request: 0.000024 seconds.
  path: Assets/Assets/!_App - WA-iOS-5.3.1/15 puzzle/Meshes/box.fbx
  artifactKey: Guid(014f729a1b99b494fa01818bcdf4d7df) Importer(815301076,1909f56bfc062723c751e8b465ee728b)
Start importing Assets/Assets/!_App - WA-iOS-5.3.1/15 puzzle/Meshes/box.fbx using Guid(014f729a1b99b494fa01818bcdf4d7df) Importer(815301076,1909f56bfc062723c751e8b465ee728b)  -> (artifact id: 'aabe8a4d1a98afc97350ab041a35aa17') in 0.040915 seconds 
========================================================================
Received Import Request.
  Time since last request: 0.000022 seconds.
  path: Assets/Assets/!_App - WA-iOS-5.3.1/15 puzzle/Meshes/12.fbx
  artifactKey: Guid(8576adc2dd3c0494d9ff367509f0e155) Importer(815301076,1909f56bfc062723c751e8b465ee728b)
Start importing Assets/Assets/!_App - WA-iOS-5.3.1/15 puzzle/Meshes/12.fbx using Guid(8576adc2dd3c0494d9ff367509f0e155) Importer(815301076,1909f56bfc062723c751e8b465ee728b)  -> (artifact id: 'a9422f582e404efc037cb1e829f0e6b1') in 0.030662 seconds 
========================================================================
Received Import Request.
  Time since last request: 0.000015 seconds.
  path: Assets/Assets/!_App - WA-iOS-5.3.1/15 puzzle/Meshes/7.fbx
  artifactKey: Guid(42e0e0ed5b5e54847a2cd84258af7642) Importer(815301076,1909f56bfc062723c751e8b465ee728b)
Start importing Assets/Assets/!_App - WA-iOS-5.3.1/15 puzzle/Meshes/7.fbx using Guid(42e0e0ed5b5e54847a2cd84258af7642) Importer(815301076,1909f56bfc062723c751e8b465ee728b)  -> (artifact id: '9645489389b3d64eb9317e7319d6a33b') in 0.026998 seconds 
