Using pre-set license
Built from '2021.3/staging' branch; Version is '2021.3.14f1 (eee1884e7226) revision 15655304'; Using compiler version '192829333'; Build Type 'Release'
OS: 'Windows 10  (10.0.19044) 64bit Professional' Language: 'ru' Physical Memory: 8023 MB
BatchMode: 1, IsHumanControllingUs: 0, StartBugReporterOnCrash: 0, Is64bit: 1, IsPro: 1

COMMAND LINE ARGUMENTS:
C:\Program Files\Unity\Hub\Editor\2021.3.14f1\Editor\Unity.exe
-adb2
-batchMode
-noUpm
-name
AssetImportWorker1
-projectPath
A:/UnityProjects/PurpleGit/PurpleGame/PurpleGame
-logFile
Logs/AssetImportWorker1.log
-srvPort
54567
Successfully changed project path to: A:/UnityProjects/PurpleGit/PurpleGame/PurpleGame
A:/UnityProjects/PurpleGit/PurpleGame/PurpleGame
[UnityMemory] Configuration Parameters - Can be set up in boot.config
    "memorysetup-bucket-allocator-granularity=16"
    "memorysetup-bucket-allocator-bucket-count=8"
    "memorysetup-bucket-allocator-block-size=33554432"
    "memorysetup-bucket-allocator-block-count=8"
    "memorysetup-main-allocator-block-size=16777216"
    "memorysetup-thread-allocator-block-size=16777216"
    "memorysetup-gfx-main-allocator-block-size=16777216"
    "memorysetup-gfx-thread-allocator-block-size=16777216"
    "memorysetup-cache-allocator-block-size=4194304"
    "memorysetup-typetree-allocator-block-size=2097152"
    "memorysetup-profiler-bucket-allocator-granularity=16"
    "memorysetup-profiler-bucket-allocator-bucket-count=8"
    "memorysetup-profiler-bucket-allocator-block-size=33554432"
    "memorysetup-profiler-bucket-allocator-block-count=8"
    "memorysetup-profiler-allocator-block-size=16777216"
    "memorysetup-profiler-editor-allocator-block-size=1048576"
    "memorysetup-temp-allocator-size-main=16777216"
    "memorysetup-job-temp-allocator-block-size=2097152"
    "memorysetup-job-temp-allocator-block-size-background=1048576"
    "memorysetup-job-temp-allocator-reduction-small-platforms=262144"
    "memorysetup-temp-allocator-size-background-worker=32768"
    "memorysetup-temp-allocator-size-job-worker=262144"
    "memorysetup-temp-allocator-size-preload-manager=33554432"
    "memorysetup-temp-allocator-size-nav-mesh-worker=65536"
    "memorysetup-temp-allocator-size-audio-worker=65536"
    "memorysetup-temp-allocator-size-cloud-worker=32768"
    "memorysetup-temp-allocator-size-gi-baking-worker=262144"
    "memorysetup-temp-allocator-size-gfx=262144"
Refreshing native plugins compatible for Editor in 140.49 ms, found 4 plugins.
Preloading 0 native plugins for Editor in 0.00 ms.
Initialize engine version: 2021.3.14f1 (eee1884e7226)
[Subsystems] Discovering subsystems at path C:/Program Files/Unity/Hub/Editor/2021.3.14f1/Editor/Data/Resources/UnitySubsystems
[Subsystems] Discovering subsystems at path A:/UnityProjects/PurpleGit/PurpleGame/PurpleGame/Assets
GfxDevice: creating device client; threaded=0; jobified=0
Direct3D:
    Version:  Direct3D 11.0 [level 11.1]
    Renderer: NVIDIA GeForce RTX 3050 Laptop GPU (ID=0x25a2)
    Vendor:   NVIDIA
    VRAM:     3977 MB
    Driver:   31.0.15.3742
Initialize mono
Mono path[0] = 'C:/Program Files/Unity/Hub/Editor/2021.3.14f1/Editor/Data/Managed'
Mono path[1] = 'C:/Program Files/Unity/Hub/Editor/2021.3.14f1/Editor/Data/MonoBleedingEdge/lib/mono/unityjit-win32'
Mono config path = 'C:/Program Files/Unity/Hub/Editor/2021.3.14f1/Editor/Data/MonoBleedingEdge/etc'
Using monoOptions --debugger-agent=transport=dt_socket,embedding=1,server=y,suspend=n,address=127.0.0.1:56724
Begin MonoManager ReloadAssembly
Registering precompiled unity dll's ...
Register platform support module: C:/Program Files/Unity/Hub/Editor/2021.3.14f1/Editor/Data/PlaybackEngines/AndroidPlayer/UnityEditor.Android.Extensions.dll
Register platform support module: C:/Program Files/Unity/Hub/Editor/2021.3.14f1/Editor/Data/PlaybackEngines/iOSSupport/UnityEditor.iOS.Extensions.dll
Register platform support module: C:/Program Files/Unity/Hub/Editor/2021.3.14f1/Editor/Data/PlaybackEngines/WindowsStandaloneSupport/UnityEditor.WindowsStandalone.Extensions.dll
Registered in 0.005056 seconds.
Native extension for WindowsStandalone target not found
[usbmuxd] Start listen thread
[usbmuxd] Listen thread started
Native extension for iOS target not found
Native extension for Android target not found
Refreshing native plugins compatible for Editor in 123.52 ms, found 4 plugins.
Preloading 0 native plugins for Editor in 0.00 ms.
Mono: successfully reloaded assembly
- Completed reload, in  0.712 seconds
Domain Reload Profiling:
	ReloadAssembly (713ms)
		BeginReloadAssembly (64ms)
			ExecutionOrderSort (0ms)
			DisableScriptedObjects (0ms)
			BackupInstance (0ms)
			ReleaseScriptingObjects (0ms)
			CreateAndSetChildDomain (1ms)
		EndReloadAssembly (543ms)
			LoadAssemblies (61ms)
			RebuildTransferFunctionScriptingTraits (0ms)
			SetupTypeCache (104ms)
			ReleaseScriptCaches (0ms)
			RebuildScriptCaches (28ms)
			SetupLoadedEditorAssemblies (360ms)
				LogAssemblyErrors (0ms)
				InitializePlatformSupportModulesInManaged (58ms)
				SetLoadedEditorAssemblies (0ms)
				RefreshPlugins (124ms)
				BeforeProcessingInitializeOnLoad (1ms)
				ProcessInitializeOnLoadAttributes (110ms)
				ProcessInitializeOnLoadMethodAttributes (67ms)
				AfterProcessingInitializeOnLoad (0ms)
				EditorAssembliesLoaded (0ms)
			ExecutionOrderSort2 (0ms)
			AwakeInstancesAfterBackupRestoration (0ms)
Platform modules already initialized, skipping
Registering precompiled user dll's ...
Registered in 0.010530 seconds.
Begin MonoManager ReloadAssembly
Symbol file LoadedFromMemory doesn't match image A:\UnityProjects\PurpleGit\PurpleGame\PurpleGame\Library\PackageCache\com.unity.visualscripting@1.7.8\Editor\VisualScripting.Core\Dependencies\YamlDotNet\Unity.VisualScripting.YamlDotNet.dll
Symbol file LoadedFromMemory doesn't match image A:\UnityProjects\PurpleGit\PurpleGame\PurpleGame\Library\PackageCache\com.unity.visualscripting@1.7.8\Editor\VisualScripting.Core\Dependencies\DotNetZip\Unity.VisualScripting.IonicZip.dll
Native extension for WindowsStandalone target not found
Native extension for iOS target not found
Native extension for Android target not found
Refreshing native plugins compatible for Editor in 114.55 ms, found 4 plugins.
Preloading 0 native plugins for Editor in 0.00 ms.
Mono: successfully reloaded assembly
- Completed reload, in  1.531 seconds
Domain Reload Profiling:
	ReloadAssembly (1532ms)
		BeginReloadAssembly (253ms)
			ExecutionOrderSort (0ms)
			DisableScriptedObjects (5ms)
			BackupInstance (0ms)
			ReleaseScriptingObjects (0ms)
			CreateAndSetChildDomain (126ms)
		EndReloadAssembly (1153ms)
			LoadAssemblies (169ms)
			RebuildTransferFunctionScriptingTraits (0ms)
			SetupTypeCache (307ms)
			ReleaseScriptCaches (2ms)
			RebuildScriptCaches (65ms)
			SetupLoadedEditorAssemblies (608ms)
				LogAssemblyErrors (0ms)
				InitializePlatformSupportModulesInManaged (22ms)
				SetLoadedEditorAssemblies (0ms)
				RefreshPlugins (115ms)
				BeforeProcessingInitializeOnLoad (122ms)
				ProcessInitializeOnLoadAttributes (245ms)
				ProcessInitializeOnLoadMethodAttributes (97ms)
				AfterProcessingInitializeOnLoad (7ms)
				EditorAssembliesLoaded (0ms)
			ExecutionOrderSort2 (0ms)
			AwakeInstancesAfterBackupRestoration (5ms)
Platform modules already initialized, skipping
========================================================================
Worker process is ready to serve import requests
Launched and connected shader compiler UnityShaderCompiler.exe after 0.09 seconds
Refreshing native plugins compatible for Editor in 1.13 ms, found 4 plugins.
Preloading 0 native plugins for Editor in 0.00 ms.
Unloading 5506 Unused Serialized files (Serialized files now loaded: 0)
Unloading 58 unused Assets / (1.2 MB). Loaded Objects now: 5943.
Memory consumption went from 214.3 MB to 213.1 MB.
Total: 6.636800 ms (FindLiveObjects: 0.531700 ms CreateObjectMapping: 0.467500 ms MarkObjects: 5.133400 ms  DeleteObjects: 0.502300 ms)

AssetImportParameters requested are different than current active one (requested -> active):
  custom:video-decoder-ogg-theora: a1e56fd34408186e4bbccfd4996cb3dc -> 
  custom:container-muxer-webm: aa71ff27fc2769a1b78a27578f13a17b -> 
  custom:container-demuxer-webm: 4f35f7cbe854078d1ac9338744f61a02 -> 
  custom:video-encoder-webm-vp8: eb34c28f22e8b96e1ab97ce403110664 -> 
  custom:audio-encoder-webm-vorbis: bf7c407c2cedff20999df2af8eb42d56 -> 
  custom:framework-win-MediaFoundation: 216162199b28c13a410421893ffa2e32 -> 
  custom:container-demuxer-ogg: 62fdf1f143b41e24485cea50d1cbac27 -> 
  custom:video-decoder-webm-vp8: 9c59270c3fd7afecdb556c50c9e8de78 -> 
  custom:audio-decoder-ogg-vorbis: bf7c407c2cedff20999df2af8eb42d56 -> 
========================================================================
Received Import Request.
  Time since last request: 13137.295382 seconds.
  path: Assets/Assets/!_App - WA-iOS-5.3.1/Assets/!_App - WA-iOS-5.3.1/Graphics/Fonts/Montserrat-Black.ttf
  artifactKey: Guid(24590a5faf0b7e84da3182731fd1859d) Importer(815301076,1909f56bfc062723c751e8b465ee728b)
Start importing Assets/Assets/!_App - WA-iOS-5.3.1/Assets/!_App - WA-iOS-5.3.1/Graphics/Fonts/Montserrat-Black.ttf using Guid(24590a5faf0b7e84da3182731fd1859d) Importer(815301076,1909f56bfc062723c751e8b465ee728b)  -> (artifact id: '433b4de4871f8ad6253f0d0265ab6d2c') in 0.274628 seconds 
========================================================================
Received Import Request.
  Time since last request: 0.238567 seconds.
  path: Assets/Assets/!_App - WA-iOS-5.3.1/Assets/!_App - WA-iOS-5.3.1/Graphics/Game/Background #1.png
  artifactKey: Guid(86936da53ed23d741ab50c08efc0f409) Importer(815301076,1909f56bfc062723c751e8b465ee728b)
Start importing Assets/Assets/!_App - WA-iOS-5.3.1/Assets/!_App - WA-iOS-5.3.1/Graphics/Game/Background #1.png using Guid(86936da53ed23d741ab50c08efc0f409) Importer(815301076,1909f56bfc062723c751e8b465ee728b)  -> (artifact id: '7bd9e3d068e64e67ec82c22eda78d784') in 0.025566 seconds 
========================================================================
Received Import Request.
  Time since last request: 0.000036 seconds.
  path: Assets/Assets/!_App - WA-iOS-5.3.1/Assets/!_App - WA-iOS-5.3.1/Graphics/Game/Background #2.png
  artifactKey: Guid(491fe0fae1abe184f957d950953ef062) Importer(815301076,1909f56bfc062723c751e8b465ee728b)
Start importing Assets/Assets/!_App - WA-iOS-5.3.1/Assets/!_App - WA-iOS-5.3.1/Graphics/Game/Background #2.png using Guid(491fe0fae1abe184f957d950953ef062) Importer(815301076,1909f56bfc062723c751e8b465ee728b)  -> (artifact id: '2f447a4936e6923264e1209678e5d119') in 0.018818 seconds 
========================================================================
Received Import Request.
  Time since last request: 0.000146 seconds.
  path: Assets/Assets/!_App - WA-iOS-5.3.1/Assets/!_App - WA-iOS-5.3.1/Graphics/Game/Background #3.png
  artifactKey: Guid(c72e79a366110e84f849b0fe63ebd901) Importer(815301076,1909f56bfc062723c751e8b465ee728b)
Start importing Assets/Assets/!_App - WA-iOS-5.3.1/Assets/!_App - WA-iOS-5.3.1/Graphics/Game/Background #3.png using Guid(c72e79a366110e84f849b0fe63ebd901) Importer(815301076,1909f56bfc062723c751e8b465ee728b)  -> (artifact id: 'ecab910bdf80f62876f8058b94f5e420') in 0.015235 seconds 
========================================================================
Received Import Request.
  Time since last request: 0.526842 seconds.
  path: Assets/Assets/!_App - WA-iOS-5.3.1/Assets/!_App - WA-iOS-5.3.1/Graphics/Screens/Background #1.png
  artifactKey: Guid(ac8e75b0839e3dc4fb446fd2f0a51e36) Importer(815301076,1909f56bfc062723c751e8b465ee728b)
Start importing Assets/Assets/!_App - WA-iOS-5.3.1/Assets/!_App - WA-iOS-5.3.1/Graphics/Screens/Background #1.png using Guid(ac8e75b0839e3dc4fb446fd2f0a51e36) Importer(815301076,1909f56bfc062723c751e8b465ee728b)  -> (artifact id: 'ed38461241979c0450101378c2f8daa2') in 0.012240 seconds 
========================================================================
Received Import Request.
  Time since last request: 0.000065 seconds.
  path: Assets/Assets/!_App - WA-iOS-5.3.1/Assets/!_App - WA-iOS-5.3.1/Graphics/Screens/Background #2.png
  artifactKey: Guid(04b1a3244a5926c41b650719406aac64) Importer(815301076,1909f56bfc062723c751e8b465ee728b)
Start importing Assets/Assets/!_App - WA-iOS-5.3.1/Assets/!_App - WA-iOS-5.3.1/Graphics/Screens/Background #2.png using Guid(04b1a3244a5926c41b650719406aac64) Importer(815301076,1909f56bfc062723c751e8b465ee728b)  -> (artifact id: '851e9e627bec4bd29947ca963700e3eb') in 0.017601 seconds 
========================================================================
Received Import Request.
  Time since last request: 0.000088 seconds.
  path: Assets/Assets/!_App - WA-iOS-5.3.1/Assets/!_App - WA-iOS-5.3.1/Graphics/Screens/Background #2 blur.png
  artifactKey: Guid(94f2c40230550234fa5b55da76a56ae5) Importer(815301076,1909f56bfc062723c751e8b465ee728b)
Start importing Assets/Assets/!_App - WA-iOS-5.3.1/Assets/!_App - WA-iOS-5.3.1/Graphics/Screens/Background #2 blur.png using Guid(94f2c40230550234fa5b55da76a56ae5) Importer(815301076,1909f56bfc062723c751e8b465ee728b)  -> (artifact id: '114d0aea6a5a44251c447b9f283fa7cd') in 0.012605 seconds 
========================================================================
Received Import Request.
  Time since last request: 55.564609 seconds.
  path: Assets/Assets/!_App - WA-iOS-5.3.1/Assets/!_Tools/App_Tools.asmdef
  artifactKey: Guid(bb0c3ef640fc05242add96cad149e4cf) Importer(815301076,1909f56bfc062723c751e8b465ee728b)
Start importing Assets/Assets/!_App - WA-iOS-5.3.1/Assets/!_Tools/App_Tools.asmdef using Guid(bb0c3ef640fc05242add96cad149e4cf) Importer(815301076,1909f56bfc062723c751e8b465ee728b)  -> (artifact id: '8b056eaf870f017fa2fc10c97499b232') in 0.002949 seconds 
========================================================================
Received Import Request.
  Time since last request: 0.000034 seconds.
  path: Assets/Assets/!_App - WA-iOS-5.3.1/Assets/!_App - WA-iOS-5.3.1/Resources/AppSettings.asset
  artifactKey: Guid(6427e92b4c041014da58fcd0989de75e) Importer(815301076,1909f56bfc062723c751e8b465ee728b)
Start importing Assets/Assets/!_App - WA-iOS-5.3.1/Assets/!_App - WA-iOS-5.3.1/Resources/AppSettings.asset using Guid(6427e92b4c041014da58fcd0989de75e) Importer(815301076,1909f56bfc062723c751e8b465ee728b)  -> (artifact id: 'e1589b4b3430a69e3fa8afeb89585d23') in 0.005010 seconds 
========================================================================
Received Import Request.
  Time since last request: 0.000077 seconds.
  path: Assets/Assets/!_App - WA-iOS-5.3.1/Resources/AppSettings.asset
  artifactKey: Guid(b18da6a1bc409cb4a8fa3caaa0487d36) Importer(815301076,1909f56bfc062723c751e8b465ee728b)
Start importing Assets/Assets/!_App - WA-iOS-5.3.1/Resources/AppSettings.asset using Guid(b18da6a1bc409cb4a8fa3caaa0487d36) Importer(815301076,1909f56bfc062723c751e8b465ee728b)  -> (artifact id: 'ee0d6d7bad4ca7602fe52e4e6072841d') in 0.001696 seconds 
========================================================================
Received Import Request.
  Time since last request: 150.058791 seconds.
  path: Assets/Assets/!_App - WA-iOS-5.3.1/Assets/!_MoveToAppFolder/15 puzzle/Matirials/New Material.mat
  artifactKey: Guid(d46b1d8eaee29ad49a3707440a61102b) Importer(815301076,1909f56bfc062723c751e8b465ee728b)
Start importing Assets/Assets/!_App - WA-iOS-5.3.1/Assets/!_MoveToAppFolder/15 puzzle/Matirials/New Material.mat using Guid(d46b1d8eaee29ad49a3707440a61102b) Importer(815301076,1909f56bfc062723c751e8b465ee728b)  -> (artifact id: 'b91e2dcb5e53591d63398f5eb560e80b') in 0.172466 seconds 
========================================================================
Received Import Request.
  Time since last request: 0.144832 seconds.
  path: Assets/Assets/!_App - WA-iOS-5.3.1/Assets/!_MoveToAppFolder/15 puzzle/Meshes/2.fbx
  artifactKey: Guid(fa11a18904724b147acd72365406c6a2) Importer(815301076,1909f56bfc062723c751e8b465ee728b)
Start importing Assets/Assets/!_App - WA-iOS-5.3.1/Assets/!_MoveToAppFolder/15 puzzle/Meshes/2.fbx using Guid(fa11a18904724b147acd72365406c6a2) Importer(815301076,1909f56bfc062723c751e8b465ee728b)  -> (artifact id: 'ffcc82d368a253598a0732b0edc41309') in 0.285012 seconds 
========================================================================
Received Import Request.
  Time since last request: 0.000040 seconds.
  path: Assets/Assets/!_App - WA-iOS-5.3.1/Assets/!_MoveToAppFolder/15 puzzle/Meshes/box.fbx
  artifactKey: Guid(fb5d52377e673334b9fd3df97b5b6c2f) Importer(815301076,1909f56bfc062723c751e8b465ee728b)
Start importing Assets/Assets/!_App - WA-iOS-5.3.1/Assets/!_MoveToAppFolder/15 puzzle/Meshes/box.fbx using Guid(fb5d52377e673334b9fd3df97b5b6c2f) Importer(815301076,1909f56bfc062723c751e8b465ee728b)  -> (artifact id: '54a070e56ddd9161172cc19dfdc14da9') in 0.042882 seconds 
========================================================================
Received Import Request.
  Time since last request: 0.000054 seconds.
  path: Assets/Assets/!_App - WA-iOS-5.3.1/Assets/!_MoveToAppFolder/15 puzzle/Meshes/12.fbx
  artifactKey: Guid(83c5c2a9c31dbba4db966272b60a26cc) Importer(815301076,1909f56bfc062723c751e8b465ee728b)
Start importing Assets/Assets/!_App - WA-iOS-5.3.1/Assets/!_MoveToAppFolder/15 puzzle/Meshes/12.fbx using Guid(83c5c2a9c31dbba4db966272b60a26cc) Importer(815301076,1909f56bfc062723c751e8b465ee728b)  -> (artifact id: '0147974ea28c02bab5e919f21d7b81ee') in 0.039583 seconds 
========================================================================
Received Import Request.
  Time since last request: 0.000047 seconds.
  path: Assets/Assets/!_App - WA-iOS-5.3.1/Assets/!_MoveToAppFolder/15 puzzle/Meshes/8.fbx
  artifactKey: Guid(6ed11d506085cc041a81bc7ca4ac0a94) Importer(815301076,1909f56bfc062723c751e8b465ee728b)
Start importing Assets/Assets/!_App - WA-iOS-5.3.1/Assets/!_MoveToAppFolder/15 puzzle/Meshes/8.fbx using Guid(6ed11d506085cc041a81bc7ca4ac0a94) Importer(815301076,1909f56bfc062723c751e8b465ee728b)  -> (artifact id: 'ca79121873084e9859d29f2daa172217') in 0.045557 seconds 
========================================================================
Received Import Request.
  Time since last request: 0.000042 seconds.
  path: Assets/Assets/!_App - WA-iOS-5.3.1/Assets/!_MoveToAppFolder/15 puzzle/Meshes/15.fbx
  artifactKey: Guid(433a09c214b698a41b282d2aaf6d1308) Importer(815301076,1909f56bfc062723c751e8b465ee728b)
Start importing Assets/Assets/!_App - WA-iOS-5.3.1/Assets/!_MoveToAppFolder/15 puzzle/Meshes/15.fbx using Guid(433a09c214b698a41b282d2aaf6d1308) Importer(815301076,1909f56bfc062723c751e8b465ee728b)  -> (artifact id: 'b5d52eb53e587cd5f98fdb84911cb7c9') in 0.050412 seconds 
========================================================================
Received Import Request.
  Time since last request: 0.000097 seconds.
  path: Assets/Assets/!_App - WA-iOS-5.3.1/Assets/!_MoveToAppFolder/15 puzzle/Meshes/14.fbx
  artifactKey: Guid(bfc70edbe407fe247a4bce220bca0497) Importer(815301076,1909f56bfc062723c751e8b465ee728b)
Start importing Assets/Assets/!_App - WA-iOS-5.3.1/Assets/!_MoveToAppFolder/15 puzzle/Meshes/14.fbx using Guid(bfc70edbe407fe247a4bce220bca0497) Importer(815301076,1909f56bfc062723c751e8b465ee728b)  -> (artifact id: '164fed604762f72f793deb7a5e30297a') in 0.044919 seconds 
========================================================================
Received Import Request.
  Time since last request: 0.000049 seconds.
  path: Assets/Assets/!_App - WA-iOS-5.3.1/Assets/!_MoveToAppFolder/15 puzzle/Meshes/9.fbx
  artifactKey: Guid(99bc3784a1b7cf743a2ed2ec62170435) Importer(815301076,1909f56bfc062723c751e8b465ee728b)
Start importing Assets/Assets/!_App - WA-iOS-5.3.1/Assets/!_MoveToAppFolder/15 puzzle/Meshes/9.fbx using Guid(99bc3784a1b7cf743a2ed2ec62170435) Importer(815301076,1909f56bfc062723c751e8b465ee728b)  -> (artifact id: '49abcc192917e2164cec381bd0c54211') in 0.039823 seconds 
========================================================================
Received Import Request.
  Time since last request: 0.000181 seconds.
  path: Assets/Assets/!_App - WA-iOS-5.3.1/Assets/!_MoveToAppFolder/15 puzzle/Meshes/6.fbx
  artifactKey: Guid(d9d852a4783aa944fbd3e1f3d7e8fee9) Importer(815301076,1909f56bfc062723c751e8b465ee728b)
Start importing Assets/Assets/!_App - WA-iOS-5.3.1/Assets/!_MoveToAppFolder/15 puzzle/Meshes/6.fbx using Guid(d9d852a4783aa944fbd3e1f3d7e8fee9) Importer(815301076,1909f56bfc062723c751e8b465ee728b)  -> (artifact id: 'cdded54f8aca5775c90edc8a5f6f404b') in 0.043652 seconds 
========================================================================
Received Import Request.
  Time since last request: 14.110091 seconds.
  path: Assets/Assets/!_App - WA-iOS-5.3.1/Assets/!_MoveToAppFolder/15 puzzle/Sprites/Frame 2 - Copy.png
  artifactKey: Guid(2efeea9245e4ba946bd67af89dcf938e) Importer(815301076,1909f56bfc062723c751e8b465ee728b)
Start importing Assets/Assets/!_App - WA-iOS-5.3.1/Assets/!_MoveToAppFolder/15 puzzle/Sprites/Frame 2 - Copy.png using Guid(2efeea9245e4ba946bd67af89dcf938e) Importer(815301076,1909f56bfc062723c751e8b465ee728b)  -> (artifact id: '9bb325fb42e327f830dd300bbeef7b44') in 0.303708 seconds 
